<?xml version="1.0" encoding="utf-8"?><testsuites name="pytest tests"><testsuite name="pytest" errors="0" failures="0" skipped="0" tests="5" time="6.860" timestamp="2026-08-08T09:45:31.647269+00:00" hostname="agent-env-b6cbd1b3-93cf-4aa3-8980-d84887d5c5aa"><testcase classname="backend.tests.test_auto_invoice_on_payment.TestAutoInvoiceOnPayment" name="test_admin_payment_creates_invoice" time="1.392" /><testcase classname="backend.tests.test_auto_invoice_on_payment.TestAutoInvoiceOnPayment" name="test_existing_invoice_no_duplicate" time="0.502" /><testcase classname="backend.tests.test_auto_invoice_on_payment.TestAutoInvoiceOnPayment" name="test_non_huur_category_no_invoice" time="0.447" /><testcase classname="backend.tests.test_auto_invoice_on_payment.TestAutoInvoiceOnPayment" name="test_kiosk_payment_creates_invoice" time="0.871" /><testcase classname="backend.tests.test_auto_invoice_on_payment.TestAutoInvoiceOnPayment" name="test_idempotency_two_payments_same_period" time="3.566" /></testsuite></testsuites>