<?xml version="1.0" encoding="utf-8"?><testsuites name="pytest tests"><testsuite name="pytest" errors="0" failures="0" skipped="0" tests="5" time="1.939" timestamp="2026-08-08T11:49:54.881953+00:00" hostname="agent-env-b6cbd1b3-93cf-4aa3-8980-d84887d5c5aa"><testcase classname="backend.tests.test_generate_month" name="test_no_auth_returns_401_or_403" time="0.249" /><testcase classname="backend.tests.test_generate_month" name="test_invalid_period_month" time="0.408" /><testcase classname="backend.tests.test_generate_month" name="test_invalid_period_year" time="0.404" /><testcase classname="backend.tests.test_generate_month" name="test_generate_current_month_success_and_idempotent" time="0.447" /><testcase classname="backend.tests.test_generate_month" name="test_generate_previous_month" time="0.370" /></testsuite></testsuites>