<?xml version="1.0" encoding="utf-8"?><testsuites name="pytest tests"><testsuite name="pytest" errors="0" failures="0" skipped="0" tests="8" time="0.620" timestamp="2026-05-24T10:16:58.273115+00:00" hostname="agent-env-b6cbd1b3-93cf-4aa3-8980-d84887d5c5aa"><testcase classname="backend.tests.test_branded_routes" name="test_branding_known_slug_returns_200[surirent]" time="0.189" /><testcase classname="backend.tests.test_branded_routes" name="test_branding_known_slug_returns_200[dadovastgoed]" time="0.053" /><testcase classname="backend.tests.test_branded_routes" name="test_branding_known_slug_returns_200[kewalbansing]" time="0.052" /><testcase classname="backend.tests.test_branded_routes" name="test_branding_unknown_slug_returns_404" time="0.054" /><testcase classname="backend.tests.test_branded_routes" name="test_branding_invalid_slug_too_long" time="0.053" /><testcase classname="backend.tests.test_branded_routes" name="test_branding_kewalbansing_orange" time="0.051" /><testcase classname="backend.tests.test_branded_routes" name="test_branding_by_host_preview_returns_slug_null" time="0.051" /><testcase classname="backend.tests.test_branded_routes" name="test_branding_by_host_preview_host_first_segment" time="0.052" /></testsuite></testsuites>