<?xml version="1.0" encoding="utf-8"?><testsuites name="pytest tests"><testsuite name="pytest" errors="0" failures="8" skipped="1" tests="34" time="12.628" timestamp="2026-05-20T22:36:58.122655+00:00" hostname="agent-env-b6cbd1b3-93cf-4aa3-8980-d84887d5c5aa"><testcase classname="backend.tests.test_multi_company.TestAuth" name="test_health" time="0.299" /><testcase classname="backend.tests.test_multi_company.TestAuth" name="test_login_super" time="0.387" /><testcase classname="backend.tests.test_multi_company.TestAuth" name="test_login_admin_a" time="0.333" /><testcase classname="backend.tests.test_multi_company.TestAuth" name="test_login_admin_b" time="0.354" /><testcase classname="backend.tests.test_multi_company.TestAuth" name="test_me_returns_active_company" time="0.132" /><testcase classname="backend.tests.test_multi_company.TestAuth" name="test_me_super_with_header" time="0.460" /><testcase classname="backend.tests.test_multi_company.TestAuth" name="test_me_super_no_header_unscoped" time="0.111" /><testcase classname="backend.tests.test_multi_company.TestCompanies" name="test_list_requires_superadmin" time="0.132" /><testcase classname="backend.tests.test_multi_company.TestCompanies" name="test_list_with_stats" time="0.131" /><testcase classname="backend.tests.test_multi_company.TestCompanies" name="test_create_update_delete_company" time="0.342" /><testcase classname="backend.tests.test_multi_company.TestCompanies" name="test_delete_with_data_refused" time="0.132" /><testcase classname="backend.tests.test_multi_company.TestCompanies" name="test_seed_admin" time="0.937" /><testcase classname="backend.tests.test_multi_company.TestDataIsolation" name="test_admin_a_apartments_only_a" time="0.114" /><testcase classname="backend.tests.test_multi_company.TestDataIsolation" name="test_admin_b_apartments_only_b" time="0.097" /><testcase classname="backend.tests.test_multi_company.TestDataIsolation" name="test_admin_a_creates_apartment_invisible_to_b" time="0.538" /><testcase classname="backend.tests.test_multi_company.TestDataIsolation" name="test_tenants_isolation" time="0.435" /><testcase classname="backend.tests.test_multi_company.TestDataIsolation" name="test_payments_isolation" time="0.247" /><testcase classname="backend.tests.test_multi_company.TestDataIsolation" name="test_superadmin_unscoped_sees_all" time="0.318" /><testcase classname="backend.tests.test_multi_company.TestDataIsolation" name="test_superadmin_with_header_scoped" time="0.217" /><testcase classname="backend.tests.test_multi_company.TestScopedCRUDLeakage" name="test_invoices_list_scoped" time="0.422"><failure message="AssertionError: INVOICE LEAK to admin B: f8419865-8338-40b1-8d44-ce3df302bbfd&#10;assert 'f8419865-8338-40b1-8d44-ce3df302bbfd' not in {'e7b6c8aa-f5ee-4db5-96ba-99a4138784c5', 'f8419865-8338-40b1-8d44-ce3df302bbfd'}">backend/tests/test_multi_company.py:306: in test_invoices_list_scoped
    assert inv["id"] not in ids, f"INVOICE LEAK to admin B: {inv['id']}"
E   AssertionError: INVOICE LEAK to admin B: f8419865-8338-40b1-8d44-ce3df302bbfd
E   assert 'f8419865-8338-40b1-8d44-ce3df302bbfd' not in {'e7b6c8aa-f5ee-4db5-96ba-99a4138784c5', 'f8419865-8338-40b1-8d44-ce3df302bbfd'}</failure></testcase><testcase classname="backend.tests.test_multi_company.TestScopedCRUDLeakage" name="test_contracts_list_scoped" time="0.482"><failure message="AssertionError: CONTRACT LEAK to admin B&#10;assert '68fae1b0-fc9f-4538-833f-5cd2138b8995' not in {'68fae1b0-fc9f-4538-833f-5cd2138b8995'}">backend/tests/test_multi_company.py:324: in test_contracts_list_scoped
    assert cdoc["id"] not in {c["id"] for c in rb}, "CONTRACT LEAK to admin B"
E   AssertionError: CONTRACT LEAK to admin B
E   assert '68fae1b0-fc9f-4538-833f-5cd2138b8995' not in {'68fae1b0-fc9f-4538-833f-5cd2138b8995'}</failure></testcase><testcase classname="backend.tests.test_multi_company.TestScopedCRUDLeakage" name="test_employees_list_scoped" time="0.327"><failure message="AssertionError: EMPLOYEE LEAK to admin B&#10;assert '690cf077-84c4-4103-95d3-1bae5eddaccc' not in {'09415438-f6cf-4dc5-bcd9-bfa19c163c85', '690cf077-84c4-4103-95d3-1bae5eddaccc'}">backend/tests/test_multi_company.py:336: in test_employees_list_scoped
    assert e["id"] not in {x["id"] for x in rb}, "EMPLOYEE LEAK to admin B"
E   AssertionError: EMPLOYEE LEAK to admin B
E   assert '690cf077-84c4-4103-95d3-1bae5eddaccc' not in {'09415438-f6cf-4dc5-bcd9-bfa19c163c85', '690cf077-84c4-4103-95d3-1bae5eddaccc'}</failure></testcase><testcase classname="backend.tests.test_multi_company.TestScopedCRUDLeakage" name="test_maintenance_list_scoped" time="0.454"><failure message="AssertionError: MAINTENANCE LEAK to admin B&#10;assert '8a021036-8642-42ef-855e-4a6c6b366016' not in {'195f2172-0842-483b-a6dd-7e31911e6dd7', '43e1d443-71fd-4cd0-b9de-7c9634b8f5c8', '4de57cf3-e46e-4675-8388-4a1ccd195dd4', '8a021036-8642-42ef-855e-4a6c6b366016', 'c51c4440-d440-4e92-b45e-4ef6af9217d7'}">backend/tests/test_multi_company.py:354: in test_maintenance_list_scoped
    assert m["id"] not in {x["id"] for x in rb}, "MAINTENANCE LEAK to admin B"
E   AssertionError: MAINTENANCE LEAK to admin B
E   assert '8a021036-8642-42ef-855e-4a6c6b366016' not in {'195f2172-0842-483b-a6dd-7e31911e6dd7', '43e1d443-71fd-4cd0-b9de-7c9634b8f5c8', '4de57cf3-e46e-4675-8388-4a1ccd195dd4', '8a021036-8642-42ef-855e-4a6c6b366016', 'c51c4440-d440-4e92-b45e-4ef6af9217d7'}</failure></testcase><testcase classname="backend.tests.test_multi_company.TestScopedCRUDLeakage" name="test_kasgeld_list_scoped" time="0.371"><failure message="AssertionError: KASGELD LEAK to admin B&#10;assert 'f9fcea96-81c0-4b35-8f9f-66a751687098' not in {'f9fcea96-81c0-4b35-8f9f-66a751687098'}">backend/tests/test_multi_company.py:366: in test_kasgeld_list_scoped
    assert k["id"] not in {x["id"] for x in rb}, "KASGELD LEAK to admin B"
E   AssertionError: KASGELD LEAK to admin B
E   assert 'f9fcea96-81c0-4b35-8f9f-66a751687098' not in {'f9fcea96-81c0-4b35-8f9f-66a751687098'}</failure></testcase><testcase classname="backend.tests.test_multi_company.TestScopedCRUDLeakage" name="test_deposits_list_scoped" time="0.462"><failure message="AssertionError: DEPOSIT LEAK to admin B&#10;assert '0aad0d75-a9d1-4cc6-b28d-99df8bd3769b' not in {'0aad0d75-a9d1-4cc6-b28d-99df8bd3769b'}">backend/tests/test_multi_company.py:383: in test_deposits_list_scoped
    assert d["id"] not in {x["id"] for x in rb}, "DEPOSIT LEAK to admin B"
E   AssertionError: DEPOSIT LEAK to admin B
E   assert '0aad0d75-a9d1-4cc6-b28d-99df8bd3769b' not in {'0aad0d75-a9d1-4cc6-b28d-99df8bd3769b'}</failure></testcase><testcase classname="backend.tests.test_multi_company.TestAdminStats" name="test_stats_scoped_per_company" time="0.335"><failure message="AssertionError: Admin stats not scoped — A+B &gt; super or super is smaller&#10;assert (5 + 5) &lt;= 5">backend/tests/test_multi_company.py:397: in test_stats_scoped_per_company
    assert sa["apartments_total"] + sb["apartments_total"] &lt;= ss["apartments_total"], \
E   AssertionError: Admin stats not scoped — A+B &gt; super or super is smaller
E   assert (5 + 5) &lt;= 5</failure></testcase><testcase classname="backend.tests.test_multi_company.TestKioskPin" name="test_pin_1234_matches_default" time="0.334" /><testcase classname="backend.tests.test_multi_company.TestKioskPin" name="test_set_pin_1234_as_admin_b_rejected" time="0.343" /><testcase classname="backend.tests.test_multi_company.TestKioskPin" name="test_set_unique_pin_as_admin_b_works" time="1.122" /><testcase classname="backend.tests.test_multi_company.TestKioskPin" name="test_invalid_pin_rejected" time="1.137" /><testcase classname="backend.tests.test_multi_company.TestTenantPortal" name="test_tenant_login" time="0.327"><failure message="AssertionError: {&quot;detail&quot;:&quot;Onjuiste PIN&quot;}&#10;assert 401 == 200&#10; +  where 401 = &lt;Response [401]&gt;.status_code">backend/tests/test_multi_company.py:443: in test_tenant_login
    assert r.status_code == 200, r.text
E   AssertionError: {"detail":"Onjuiste PIN"}
E   assert 401 == 200
E    +  where 401 = &lt;Response [401]&gt;.status_code</failure></testcase><testcase classname="backend.tests.test_multi_company.TestPDFEndpoints" name="test_payment_pdf" time="0.237" /><testcase classname="backend.tests.test_multi_company.TestPDFEndpoints" name="test_contract_pdf" time="0.150"><skipped type="pytest.skip" message="no contract">/app/backend/tests/test_multi_company.py:478: no contract</skipped></testcase><testcase classname="backend.tests.test_multi_company.TestPDFEndpoints" name="test_invoice_pdf" time="0.212" /></testsuite></testsuites>