<?xml version="1.0" encoding="utf-8"?><testsuites name="pytest tests"><testsuite name="pytest" errors="0" failures="1" skipped="1" tests="9" time="3.830" timestamp="2026-06-02T14:51:44.217443+00:00" hostname="agent-env-b6cbd1b3-93cf-4aa3-8980-d84887d5c5aa"><testcase classname="backend.tests.test_iter30_saas_billing" name="test_public_billing_plans_seeded" time="0.186" /><testcase classname="backend.tests.test_iter30_saas_billing" name="test_superadmin_plans_list" time="0.443" /><testcase classname="backend.tests.test_iter30_saas_billing" name="test_superadmin_plans_requires_superadmin" time="0.108" /><testcase classname="backend.tests.test_iter30_saas_billing" name="test_create_update_delete_enterprise_plan" time="0.874" /><testcase classname="backend.tests.test_iter30_saas_billing" name="test_run_billing_checks" time="0.115" /><testcase classname="backend.tests.test_iter30_saas_billing.TestBillingEnforcement" name="test_admin_login_works_even_when_cancelled" time="0.344" /><testcase classname="backend.tests.test_iter30_saas_billing.TestBillingEnforcement" name="test_admin_blocked_on_protected_endpoint" time="0.256"><skipped type="pytest.skip" message="Company state is active - manual cancel not available">/app/backend/tests/test_iter30_saas_billing.py:159: Company state is active - manual cancel not available</skipped></testcase><testcase classname="backend.tests.test_iter30_saas_billing.TestBillingEnforcement" name="test_admin_can_access_billing_and_health_endpoints_when_blocked" time="0.542" /><testcase classname="backend.tests.test_iter30_saas_billing.TestBillingEnforcement" name="test_reactivate_then_cancel_then_reactivate" time="0.881"><failure message="Failed: CRITICAL: /api/companies/me/cancel-subscription returns 403 because of route ordering. Define /companies/me/cancel-subscription BEFORE /companies/{cid}/cancel-subscription in server.py.">E   Failed: CRITICAL: /api/companies/me/cancel-subscription returns 403 because of route ordering. Define /companies/me/cancel-subscription BEFORE /companies/{cid}/cancel-subscription in server.py.</failure></testcase></testsuite></testsuites>