<?xml version="1.0" encoding="utf-8"?><testsuites name="pytest tests"><testsuite name="pytest" errors="2" failures="0" skipped="0" tests="42" time="49.068" timestamp="2026-05-27T07:42:36.339024+00:00" hostname="agent-env-b6cbd1b3-93cf-4aa3-8980-d84887d5c5aa"><testcase classname="backend.tests.test_payment_approval_workflow.TestAuth" name="test_admin_login" time="0.374" /><testcase classname="backend.tests.test_payment_approval_workflow.TestAuth" name="test_kiosk_pin_login" time="0.337" /><testcase classname="backend.tests.test_payment_approval_workflow.TestAuth" name="test_employee_verify" time="2.539" /><testcase classname="backend.tests.test_payment_approval_workflow.TestAuth" name="test_employee_verify_wrong_pin" time="0.554" /><testcase classname="backend.tests.test_payment_approval_workflow.TestApprovalWorkflow" name="test_payment_created_as_pending" time="2.230" /><testcase classname="backend.tests.test_payment_approval_workflow.TestApprovalWorkflow" name="test_pending_count_increases" time="0.129" /><testcase classname="backend.tests.test_payment_approval_workflow.TestApprovalWorkflow" name="test_pending_list_contains_payment" time="0.122" /><testcase classname="backend.tests.test_payment_approval_workflow.TestApprovalWorkflow" name="test_approve_payment" time="0.354" /><testcase classname="backend.tests.test_payment_approval_workflow.TestApprovalWorkflow" name="test_approved_payment_not_in_pending_list" time="0.114" /><testcase classname="backend.tests.test_payment_approval_workflow.TestApprovalWorkflow" name="test_approved_payment_optionally_linked_to_invoice" time="0.340" /><testcase classname="backend.tests.test_payment_approval_workflow.TestRejectFlow" name="test_reject_pending" time="2.148" /><testcase classname="backend.tests.test_payment_approval_workflow.TestLegacyKioskPayment" name="test_legacy_no_employee_id_is_approved" time="1.845" /><testcase classname="backend.tests.test_employee_pin_login.TestKioskPinLogin" name="test_employee_pin_returns_employee_no_admin_token" time="6.221" /><testcase classname="backend.tests.test_employee_pin_login.TestKioskPinLogin" name="test_company_pin_returns_admin_token" time="0.391" /><testcase classname="backend.tests.test_employee_pin_login.TestKioskPinLogin" name="test_company_admin_token_usable_for_me" time="0.418" /><testcase classname="backend.tests.test_employee_pin_login.TestKioskPinLogin" name="test_invalid_pin_returns_401" time="1.871" /><testcase classname="backend.tests.test_employee_pin_login.TestPinUniqueness" name="test_employee_pin_clash_with_company_pin" time="0.334" /><testcase classname="backend.tests.test_employee_pin_login.TestPinUniqueness" name="test_employee_pin_clash_with_other_employee" time="1.652" /><testcase classname="backend.tests.test_employee_pin_login.TestPinUniqueness" name="test_kiosk_set_pin_clash_with_employee" time="1.667" /><testcase classname="backend.tests.test_employee_pin_login.TestKioskPaymentRegression" name="test_employee_kiosk_token_can_submit_pending" time="6.005" /><testcase classname="backend.tests.test_employee_pin_login.TestZPinThrottle" name="test_throttle_locks_after_8_bad_attempts" time="15.060" /><testcase classname="backend.tests.test_push_pending_notification.TestPushInfra" name="test_vapid_public_key" time="0.126" /><testcase classname="backend.tests.test_push_pending_notification.TestPushInfra" name="test_status" time="0.441" /><testcase classname="backend.tests.test_push_pending_notification.TestPushInfra" name="test_test_push" time="1.880" /><testcase classname="backend.tests.test_push_pending_notification.TestKioskPaymentBranching" name="test_pending_payment_status_and_no_push_error" time="0.105"><error message="failed on setup with &quot;AssertionError: {&quot;detail&quot;:&quot;Te veel mislukte pogingen. Probeer opnieuw over 297 seconden.&quot;}&#10;assert 429 == 200&#10; +  where 429 = &lt;Response [429]&gt;.status_code&quot;">backend/tests/test_push_pending_notification.py:56: in kiosk_headers
    assert r.status_code == 200, r.text
E   AssertionError: {"detail":"Te veel mislukte pogingen. Probeer opnieuw over 297 seconden."}
E   assert 429 == 200
E    +  where 429 = &lt;Response [429]&gt;.status_code</error></testcase><testcase classname="backend.tests.test_push_pending_notification.TestKioskPaymentBranching" name="test_approved_legacy_path" time="0.000"><error message="failed on setup with &quot;AssertionError: {&quot;detail&quot;:&quot;Te veel mislukte pogingen. Probeer opnieuw over 297 seconden.&quot;}&#10;assert 429 == 200&#10; +  where 429 = &lt;Response [429]&gt;.status_code&quot;">backend/tests/test_push_pending_notification.py:56: in kiosk_headers
    assert r.status_code == 200, r.text
E   AssertionError: {"detail":"Te veel mislukte pogingen. Probeer opnieuw over 297 seconden."}
E   assert 429 == 200
E    +  where 429 = &lt;Response [429]&gt;.status_code</error></testcase><testcase classname="backend.tests.test_push_pending_notification.TestKioskPaymentBranching" name="test_devices_count_did_not_drop_to_zero" time="0.108" /><testcase classname="backend.tests.test_push_pending_notification.TestKioskPaymentBranching" name="test_no_push_error_in_backend_log" time="0.002" /><testcase classname="backend.tests.test_push_devices.TestDeviceLabel" name="test_iphone_safari" time="0.000" /><testcase classname="backend.tests.test_push_devices.TestDeviceLabel" name="test_windows_chrome" time="0.000" /><testcase classname="backend.tests.test_push_devices.TestDeviceLabel" name="test_android_chrome" time="0.000" /><testcase classname="backend.tests.test_push_devices.TestDeviceLabel" name="test_mac_safari" time="0.000" /><testcase classname="backend.tests.test_push_devices.TestDeviceLabel" name="test_edge" time="0.000" /><testcase classname="backend.tests.test_push_devices.TestDeviceLabel" name="test_empty_ua" time="0.000" /><testcase classname="backend.tests.test_push_devices.TestDeviceLabel" name="test_unknown_ua" time="0.000" /><testcase classname="backend.tests.test_push_devices.TestPushDevicesAPI" name="test_01_subscribe_creates_device_with_id_and_ua" time="0.436" /><testcase classname="backend.tests.test_push_devices.TestPushDevicesAPI" name="test_02_list_devices_includes_new_device" time="0.103" /><testcase classname="backend.tests.test_push_devices.TestPushDevicesAPI" name="test_03_resubscribe_same_endpoint_upserts_keeps_id_and_created_at" time="0.208" /><testcase classname="backend.tests.test_push_devices.TestPushDevicesAPI" name="test_04_delete_nonexistent_returns_404" time="0.105" /><testcase classname="backend.tests.test_push_devices.TestPushDevicesAPI" name="test_05_delete_existing_device_decrements_status" time="0.510" /><testcase classname="backend.tests.test_push_devices.TestPushDevicesAPI" name="test_06_delete_already_deleted_returns_404" time="0.112" /><testcase classname="backend.tests.test_push_devices.TestPushDevicesAPI" name="test_07_unauthenticated_devices_list_rejected" time="0.101" /></testsuite></testsuites>