<?xml version="1.0" encoding="utf-8"?><testsuites name="pytest tests"><testsuite name="pytest" errors="0" failures="0" skipped="0" tests="20" time="28.823" timestamp="2026-05-26T23:54:42.765544+00:00" hostname="agent-env-b6cbd1b3-93cf-4aa3-8980-d84887d5c5aa"><testcase classname="backend.tests.test_payment_approval_workflow.TestAuth" name="test_admin_login" time="0.361" /><testcase classname="backend.tests.test_payment_approval_workflow.TestAuth" name="test_kiosk_pin_login" time="0.327" /><testcase classname="backend.tests.test_payment_approval_workflow.TestAuth" name="test_employee_verify" time="2.545" /><testcase classname="backend.tests.test_payment_approval_workflow.TestAuth" name="test_employee_verify_wrong_pin" time="0.572" /><testcase classname="backend.tests.test_payment_approval_workflow.TestApprovalWorkflow" name="test_payment_created_as_pending" time="1.973" /><testcase classname="backend.tests.test_payment_approval_workflow.TestApprovalWorkflow" name="test_pending_count_increases" time="0.166" /><testcase classname="backend.tests.test_payment_approval_workflow.TestApprovalWorkflow" name="test_pending_list_contains_payment" time="0.121" /><testcase classname="backend.tests.test_payment_approval_workflow.TestApprovalWorkflow" name="test_approve_payment" time="0.325" /><testcase classname="backend.tests.test_payment_approval_workflow.TestApprovalWorkflow" name="test_approved_payment_not_in_pending_list" time="0.120" /><testcase classname="backend.tests.test_payment_approval_workflow.TestApprovalWorkflow" name="test_approved_payment_optionally_linked_to_invoice" time="0.315" /><testcase classname="backend.tests.test_payment_approval_workflow.TestRejectFlow" name="test_reject_pending" time="1.935" /><testcase classname="backend.tests.test_payment_approval_workflow.TestLegacyKioskPayment" name="test_legacy_no_employee_id_is_approved" time="1.626" /><testcase classname="backend.tests.test_employee_pin_login.TestKioskPinLogin" name="test_employee_pin_returns_employee_no_admin_token" time="6.112" /><testcase classname="backend.tests.test_employee_pin_login.TestKioskPinLogin" name="test_company_pin_returns_admin_token" time="0.414" /><testcase classname="backend.tests.test_employee_pin_login.TestKioskPinLogin" name="test_company_admin_token_usable_for_me" time="0.402" /><testcase classname="backend.tests.test_employee_pin_login.TestKioskPinLogin" name="test_invalid_pin_returns_401" time="1.887" /><testcase classname="backend.tests.test_employee_pin_login.TestPinUniqueness" name="test_employee_pin_clash_with_company_pin" time="0.339" /><testcase classname="backend.tests.test_employee_pin_login.TestPinUniqueness" name="test_employee_pin_clash_with_other_employee" time="1.659" /><testcase classname="backend.tests.test_employee_pin_login.TestPinUniqueness" name="test_kiosk_set_pin_clash_with_employee" time="1.654" /><testcase classname="backend.tests.test_employee_pin_login.TestKioskPaymentRegression" name="test_employee_kiosk_token_can_submit_pending" time="5.900" /></testsuite></testsuites>