<?xml version="1.0" encoding="utf-8"?><testsuites name="pytest tests"><testsuite name="pytest" errors="0" failures="0" skipped="2" tests="23" time="19.355" timestamp="2026-05-27T07:56:48.827495+00:00" hostname="agent-env-b6cbd1b3-93cf-4aa3-8980-d84887d5c5aa"><testcase classname="backend.tests.test_tenant_kiosk.TestTenantLogin" name="test_login_with_email_ok" time="1.620" /><testcase classname="backend.tests.test_tenant_kiosk.TestTenantLogin" name="test_login_wrong_pin_401" time="0.324" /><testcase classname="backend.tests.test_tenant_kiosk.TestTenantLogin" name="test_login_unknown_user_401" time="0.141" /><testcase classname="backend.tests.test_tenant_kiosk.TestTenantLogin" name="test_login_requires_4digit_pin" time="0.114" /><testcase classname="backend.tests.test_tenant_kiosk.TestOverview" name="test_overview_shape" time="0.474" /><testcase classname="backend.tests.test_tenant_kiosk.TestOverview" name="test_overview_requires_token" time="0.105" /><testcase classname="backend.tests.test_tenant_kiosk.TestTenantInvoices" name="test_get_invoices_ok" time="0.135" /><testcase classname="backend.tests.test_tenant_kiosk.TestTenantInvoices" name="test_get_invoices_requires_token" time="0.115" /><testcase classname="backend.tests.test_tenant_kiosk.TestTenantInvoices" name="test_invoices_isolation_between_tenants" time="1.212" /><testcase classname="backend.tests.test_tenant_kiosk.TestTenantSelfPayment" name="test_free_form_payment_works" time="1.555" /><testcase classname="backend.tests.test_tenant_kiosk.TestTenantSelfPayment" name="test_body_tenant_id_cannot_override_session" time="1.527" /><testcase classname="backend.tests.test_tenant_kiosk.TestTenantSelfPayment" name="test_payment_with_own_invoice_marks_paid" time="0.237"><skipped type="pytest.skip" message="Could not obtain/create an open invoice for primary tenant">/app/backend/tests/test_tenant_kiosk.py:244: Could not obtain/create an open invoice for primary tenant</skipped></testcase><testcase classname="backend.tests.test_tenant_kiosk.TestTenantSelfPayment" name="test_cannot_pay_other_tenants_invoice" time="0.233"><skipped type="pytest.skip" message="Could not obtain/create an open invoice for secondary tenant">/app/backend/tests/test_tenant_kiosk.py:268: Could not obtain/create an open invoice for secondary tenant</skipped></testcase><testcase classname="backend.tests.test_tenant_kiosk.TestTenantSelfPayment" name="test_payment_requires_token" time="0.104" /><testcase classname="backend.tests.test_tenant_kiosk.TestMaintenanceRegression" name="test_post_maintenance_still_works" time="0.111" /><testcase classname="backend.tests.test_tenant_kiosk.TestMaintenanceRegression" name="test_get_maintenance_returns_list" time="0.112" /><testcase classname="backend.tests.test_tenant_forgot_pin" name="test_forgot_pin_missing_company_context" time="0.113" /><testcase classname="backend.tests.test_tenant_forgot_pin" name="test_forgot_pin_missing_identifier" time="0.056" /><testcase classname="backend.tests.test_tenant_forgot_pin" name="test_forgot_pin_unknown_identifier_is_generic_ok" time="0.050" /><testcase classname="backend.tests.test_tenant_forgot_pin" name="test_forgot_pin_by_email_success_and_pin_changed" time="5.090" /><testcase classname="backend.tests.test_tenant_forgot_pin" name="test_forgot_pin_by_phone_suffix" time="4.861" /><testcase classname="backend.tests.test_tenant_forgot_pin" name="test_forgot_pin_response_shape" time="0.048" /><testcase classname="backend.tests.test_tenant_forgot_pin" name="test_pin_login_endpoint_still_validates" time="0.885" /></testsuite></testsuites>