<?xml version="1.0" encoding="utf-8"?><testsuites name="pytest tests"><testsuite name="pytest" errors="0" failures="0" skipped="0" tests="18" time="5.445" timestamp="2026-06-03T14:27:56.018212+00:00" hostname="agent-env-b6cbd1b3-93cf-4aa3-8980-d84887d5c5aa"><testcase classname="backend.tests.test_iter32_tenant_landing.TestCustomDomain" name="test_set_valid_domain" time="0.569" /><testcase classname="backend.tests.test_iter32_tenant_landing.TestCustomDomain" name="test_normalization_strips_www_and_lowercase" time="0.118" /><testcase classname="backend.tests.test_iter32_tenant_landing.TestCustomDomain" name="test_reject_invalid_shape" time="0.107" /><testcase classname="backend.tests.test_iter32_tenant_landing.TestCustomDomain" name="test_get_landing_returns_custom_domain" time="0.102" /><testcase classname="backend.tests.test_iter32_tenant_landing.TestLandingCRUD" name="test_draft_initial" time="0.121" /><testcase classname="backend.tests.test_iter32_tenant_landing.TestLandingCRUD" name="test_full_cycle_save_publish_then_public_visible" time="1.068" /><testcase classname="backend.tests.test_iter32_tenant_landing.TestLandingCRUD" name="test_discard_resets_to_published" time="0.564" /><testcase classname="backend.tests.test_iter32_tenant_landing.TestPublicLanding" name="test_unknown_host_returns_found_false" time="0.118" /><testcase classname="backend.tests.test_iter32_tenant_landing.TestPublicLanding" name="test_system_host_returns_found_false" time="0.351" /><testcase classname="backend.tests.test_iter32_tenant_landing.TestPublicLanding" name="test_known_host_returns_company" time="0.131" /><testcase classname="backend.tests.test_iter32_tenant_landing.TestLandingApartments" name="test_admin_list_matches_public" time="0.208" /><testcase classname="backend.tests.test_iter32_tenant_landing.TestLandingLeads" name="test_submit_lead_no_auth" time="0.127" /><testcase classname="backend.tests.test_iter32_tenant_landing.TestLandingLeads" name="test_submit_lead_requires_name_and_phone" time="0.140" /><testcase classname="backend.tests.test_iter32_tenant_landing.TestLandingLeads" name="test_submit_lead_bad_company" time="0.133" /><testcase classname="backend.tests.test_iter32_tenant_landing.TestLandingLeads" name="test_admin_can_list_leads" time="0.135" /><testcase classname="backend.tests.test_iter32_tenant_landing.TestSuperadminLanding" name="test_superadmin_get_put_publish" time="1.095" /><testcase classname="backend.tests.test_iter32_tenant_landing.TestSuperadminLanding" name="test_admin_forbidden_on_superadmin_endpoints" time="0.161" /><testcase classname="backend.tests.test_iter32_tenant_landing" name="test_zz_cleanup" time="0.130" /></testsuite></testsuites>