<?xml version="1.0" encoding="utf-8"?><testsuites name="pytest tests"><testsuite name="pytest" errors="0" failures="0" skipped="0" tests="12" time="20.953" timestamp="2026-05-20T23:22:22.521708+00:00" hostname="agent-env-b6cbd1b3-93cf-4aa3-8980-d84887d5c5aa"><testcase classname="backend.tests.test_p1_hardening.TestJanReseed" name="test_jan_pin_5678_works_directly" time="0.493" /><testcase classname="backend.tests.test_p1_hardening.TestKioskLockout" name="test_kiosk_bruteforce_lockout" time="4.746" /><testcase classname="backend.tests.test_p1_hardening.TestKioskLockout" name="test_kiosk_lockout_blocks_correct_pin_too" time="0.104" /><testcase classname="backend.tests.test_p1_hardening.TestTenantLockout" name="test_tenant_bruteforce_lockout" time="2.905" /><testcase classname="backend.tests.test_p1_hardening.TestTenantLockout" name="test_tenant_lockout_blocks_correct_pin" time="0.140" /><testcase classname="backend.tests.test_p1_hardening.TestCounterClearsOnSuccess" name="test_counter_reset_after_success" time="8.859" /><testcase classname="backend.tests.test_p1_hardening.TestTenantSetPinScope" name="test_admin_a_cannot_set_pin_on_admin_b_tenant" time="1.197" /><testcase classname="backend.tests.test_p1_hardening.TestTenantSetPinScope" name="test_admin_a_can_set_pin_on_own_tenant" time="0.429" /><testcase classname="backend.tests.test_p1_hardening.TestRegressionSmoke" name="test_kiosk_pin_1234_matches_surirent" time="0.331" /><testcase classname="backend.tests.test_p1_hardening.TestRegressionSmoke" name="test_companies_crud_for_superadmin" time="0.434" /><testcase classname="backend.tests.test_p1_hardening.TestRegressionSmoke" name="test_crud_list_endpoints_admin_a" time="1.128" /><testcase classname="backend.tests.test_p1_hardening.TestRegressionSmoke" name="test_auth_me_admin_a" time="0.101" /></testsuite></testsuites>