<?xml version="1.0" encoding="utf-8"?><testsuites name="pytest tests"><testsuite name="pytest" errors="0" failures="0" skipped="1" tests="44" time="22.713" timestamp="2026-05-23T20:17:25.871842+00:00" hostname="agent-env-b6cbd1b3-93cf-4aa3-8980-d84887d5c5aa"><testcase classname="backend.tests.test_tenant_kiosk.TestTenantLogin" name="test_login_with_email_ok" time="1.580" /><testcase classname="backend.tests.test_tenant_kiosk.TestTenantLogin" name="test_login_wrong_pin_401" time="0.325" /><testcase classname="backend.tests.test_tenant_kiosk.TestTenantLogin" name="test_login_unknown_user_401" time="0.139" /><testcase classname="backend.tests.test_tenant_kiosk.TestTenantLogin" name="test_login_requires_4digit_pin" time="0.160" /><testcase classname="backend.tests.test_tenant_kiosk.TestOverview" name="test_overview_shape" time="0.490" /><testcase classname="backend.tests.test_tenant_kiosk.TestOverview" name="test_overview_requires_token" time="0.144" /><testcase classname="backend.tests.test_tenant_kiosk.TestTenantInvoices" name="test_get_invoices_ok" time="0.125" /><testcase classname="backend.tests.test_tenant_kiosk.TestTenantInvoices" name="test_get_invoices_requires_token" time="0.101" /><testcase classname="backend.tests.test_tenant_kiosk.TestTenantInvoices" name="test_invoices_isolation_between_tenants" time="1.221" /><testcase classname="backend.tests.test_tenant_kiosk.TestTenantSelfPayment" name="test_free_form_payment_works" time="0.660" /><testcase classname="backend.tests.test_tenant_kiosk.TestTenantSelfPayment" name="test_body_tenant_id_cannot_override_session" time="0.515" /><testcase classname="backend.tests.test_tenant_kiosk.TestTenantSelfPayment" name="test_payment_with_own_invoice_marks_paid" time="0.270"><skipped type="pytest.skip" message="Could not obtain/create an open invoice for primary tenant">/app/backend/tests/test_tenant_kiosk.py:244: Could not obtain/create an open invoice for primary tenant</skipped></testcase><testcase classname="backend.tests.test_tenant_kiosk.TestTenantSelfPayment" name="test_cannot_pay_other_tenants_invoice" time="0.235" /><testcase classname="backend.tests.test_tenant_kiosk.TestTenantSelfPayment" name="test_payment_requires_token" time="0.100" /><testcase classname="backend.tests.test_tenant_kiosk.TestMaintenanceRegression" name="test_post_maintenance_still_works" time="0.158" /><testcase classname="backend.tests.test_tenant_kiosk.TestMaintenanceRegression" name="test_get_maintenance_returns_list" time="0.109" /><testcase classname="backend.tests.test_kiosk_qr_sticker.TestLookupApartment" name="test_lookup_happy_path_public" time="1.028" /><testcase classname="backend.tests.test_kiosk_qr_sticker.TestLookupApartment" name="test_lookup_unknown_apartment_404" time="0.122" /><testcase classname="backend.tests.test_kiosk_qr_sticker.TestLookupApartment" name="test_lookup_does_not_require_auth" time="0.106" /><testcase classname="backend.tests.test_kiosk_qr_sticker.TestLookupApartment" name="test_lookup_apartment_without_tenant_404" time="0.225" /><testcase classname="backend.tests.test_kiosk_qr_sticker.TestKioskStickerPdf" name="test_pdf_content_type_and_magic" time="0.199" /><testcase classname="backend.tests.test_kiosk_qr_sticker.TestKioskStickerPdf" name="test_pdf_public_no_auth_required" time="0.156" /><testcase classname="backend.tests.test_kiosk_qr_sticker.TestKioskStickerPdf" name="test_pdf_404_unknown_apartment" time="0.112" /><testcase classname="backend.tests.test_kiosk_qr_sticker.TestKioskStickerPdf" name="test_pdf_does_not_crash_for_apartment_without_tenant" time="0.374" /><testcase classname="backend.tests.test_kiosk_qr_sticker.TestLookupThenLoginFlow" name="test_lookup_then_login_with_returned_email" time="0.453" /><testcase classname="backend.tests.test_tenant_pin_unique_and_pinlogin.TestTenantSetPinUniqueness" name="test_set_unique_pin_ok" time="2.601" /><testcase classname="backend.tests.test_tenant_pin_unique_and_pinlogin.TestTenantSetPinUniqueness" name="test_set_same_pin_on_self_idempotent" time="0.571" /><testcase classname="backend.tests.test_tenant_pin_unique_and_pinlogin.TestTenantSetPinUniqueness" name="test_set_pin_already_used_by_other_returns_409" time="0.329" /><testcase classname="backend.tests.test_tenant_pin_unique_and_pinlogin.TestTenantSetPinUniqueness" name="test_set_different_unique_pin_ok" time="1.109" /><testcase classname="backend.tests.test_tenant_pin_unique_and_pinlogin.TestTenantSetPinUniqueness" name="test_invalid_pin_format_400" time="0.107" /><testcase classname="backend.tests.test_tenant_pin_unique_and_pinlogin.TestCrossCompanyPinSet" name="test_other_company_can_use_same_pin_as_company_a_tenant" time="0.877" /><testcase classname="backend.tests.test_tenant_pin_unique_and_pinlogin.TestTenantPinLogin" name="test_login_with_company_slug_ok" time="0.325" /><testcase classname="backend.tests.test_tenant_pin_unique_and_pinlogin.TestTenantPinLogin" name="test_login_with_company_id_ok" time="0.542" /><testcase classname="backend.tests.test_tenant_pin_unique_and_pinlogin.TestTenantPinLogin" name="test_login_wrong_pin_401" time="0.575" /><testcase classname="backend.tests.test_tenant_pin_unique_and_pinlogin.TestTenantPinLogin" name="test_login_missing_company_context_400" time="0.110" /><testcase classname="backend.tests.test_tenant_pin_unique_and_pinlogin.TestTenantPinLogin" name="test_login_unknown_slug_400" time="0.097" /><testcase classname="backend.tests.test_tenant_pin_unique_and_pinlogin.TestCrossCompanyPinLogin" name="test_pin_5678_in_company_b_doesnt_return_company_a_tenant" time="0.461" /><testcase classname="backend.tests.test_tenant_pin_unique_and_pinlogin.TestLegacyIdentifierPinLogin" name="test_email_pin_login_still_works" time="0.325" /><testcase classname="backend.tests.test_tenant_pin_unique_and_pinlogin.TestLegacyIdentifierPinLogin" name="test_email_pin_login_wrong_pin_401" time="0.329" /><testcase classname="backend.tests.test_tenant_pin_unique_and_pinlogin.TestThrottle" name="test_throttle_after_8_failures" time="4.598" /><testcase classname="backend.tests.test_branding_default.TestBrandingDefault" name="test_endpoint_reachable_and_no_auth" time="0.120" /><testcase classname="backend.tests.test_branding_default.TestBrandingDefault" name="test_response_shape" time="0.103" /><testcase classname="backend.tests.test_branding_default.TestBrandingDefault" name="test_multi_tenant_returns_404" time="0.097" /><testcase classname="backend.tests.test_branding_default.TestBrandingDefault" name="test_no_auth_required" time="0.222" /></testsuite></testsuites>