<?xml version="1.0" encoding="utf-8"?><testsuites name="pytest tests"><testsuite name="pytest" errors="0" failures="0" skipped="0" tests="55" time="86.527" timestamp="2026-05-21T15:34:07.485366+00:00" hostname="agent-env-b6cbd1b3-93cf-4aa3-8980-d84887d5c5aa"><testcase classname="backend.tests.test_multi_company.TestAuth" name="test_health" time="0.129" /><testcase classname="backend.tests.test_multi_company.TestAuth" name="test_login_super" time="0.365" /><testcase classname="backend.tests.test_multi_company.TestAuth" name="test_login_admin_a" time="0.353" /><testcase classname="backend.tests.test_multi_company.TestAuth" name="test_login_admin_b" time="0.516" /><testcase classname="backend.tests.test_multi_company.TestAuth" name="test_me_returns_active_company" time="0.140" /><testcase classname="backend.tests.test_multi_company.TestAuth" name="test_me_super_with_header" time="0.618" /><testcase classname="backend.tests.test_multi_company.TestAuth" name="test_me_super_no_header_unscoped" time="0.153" /><testcase classname="backend.tests.test_multi_company.TestCompanies" name="test_list_requires_superadmin" time="0.130" /><testcase classname="backend.tests.test_multi_company.TestCompanies" name="test_list_with_stats" time="0.114" /><testcase classname="backend.tests.test_multi_company.TestCompanies" name="test_create_update_delete_company" time="0.411" /><testcase classname="backend.tests.test_multi_company.TestCompanies" name="test_delete_with_data_refused" time="0.131" /><testcase classname="backend.tests.test_multi_company.TestCompanies" name="test_seed_admin" time="0.951" /><testcase classname="backend.tests.test_multi_company.TestDataIsolation" name="test_admin_a_apartments_only_a" time="0.103" /><testcase classname="backend.tests.test_multi_company.TestDataIsolation" name="test_admin_b_apartments_only_b" time="0.126" /><testcase classname="backend.tests.test_multi_company.TestDataIsolation" name="test_admin_a_creates_apartment_invisible_to_b" time="0.606" /><testcase classname="backend.tests.test_multi_company.TestDataIsolation" name="test_tenants_isolation" time="0.472" /><testcase classname="backend.tests.test_multi_company.TestDataIsolation" name="test_payments_isolation" time="0.316" /><testcase classname="backend.tests.test_multi_company.TestDataIsolation" name="test_superadmin_unscoped_sees_all" time="0.522" /><testcase classname="backend.tests.test_multi_company.TestDataIsolation" name="test_superadmin_with_header_scoped" time="0.269" /><testcase classname="backend.tests.test_multi_company.TestScopedCRUDLeakage" name="test_invoices_list_scoped" time="0.517" /><testcase classname="backend.tests.test_multi_company.TestScopedCRUDLeakage" name="test_contracts_list_scoped" time="0.496" /><testcase classname="backend.tests.test_multi_company.TestScopedCRUDLeakage" name="test_employees_list_scoped" time="0.409" /><testcase classname="backend.tests.test_multi_company.TestScopedCRUDLeakage" name="test_maintenance_list_scoped" time="0.494" /><testcase classname="backend.tests.test_multi_company.TestScopedCRUDLeakage" name="test_kasgeld_list_scoped" time="0.389" /><testcase classname="backend.tests.test_multi_company.TestScopedCRUDLeakage" name="test_deposits_list_scoped" time="0.480" /><testcase classname="backend.tests.test_multi_company.TestCrossCompanyWriteProtection" name="test_cross_company_delete_invoice_forbidden" time="0.682" /><testcase classname="backend.tests.test_multi_company.TestCrossCompanyWriteProtection" name="test_cross_company_delete_contract_forbidden" time="0.777" /><testcase classname="backend.tests.test_multi_company.TestCrossCompanyWriteProtection" name="test_cross_company_delete_employee_forbidden" time="0.617" /><testcase classname="backend.tests.test_multi_company.TestCrossCompanyWriteProtection" name="test_cross_company_delete_kasgeld_forbidden" time="0.540" /><testcase classname="backend.tests.test_multi_company.TestCrossCompanyWriteProtection" name="test_cross_company_maintenance_status_forbidden" time="0.627" /><testcase classname="backend.tests.test_multi_company.TestCrossCompanyWriteProtection" name="test_cross_company_deposit_refund_forbidden" time="0.659" /><testcase classname="backend.tests.test_multi_company.TestInvoicesGenerateMonth" name="test_generate_month_only_own_company" time="1.144" /><testcase classname="backend.tests.test_multi_company.TestKasgeldBalance" name="test_balance_scoped_per_company" time="0.511" /><testcase classname="backend.tests.test_multi_company.TestAIChatContext" name="test_ai_context_scoped" time="7.652" /><testcase classname="backend.tests.test_multi_company.TestAdminStats" name="test_stats_scoped_per_company" time="0.391" /><testcase classname="backend.tests.test_multi_company.TestKioskPin" name="test_pin_1234_matches_default" time="0.332" /><testcase classname="backend.tests.test_multi_company.TestKioskPin" name="test_set_pin_1234_as_admin_b_rejected" time="0.337" /><testcase classname="backend.tests.test_multi_company.TestKioskPin" name="test_set_unique_pin_as_admin_b_works" time="1.173" /><testcase classname="backend.tests.test_multi_company.TestKioskPin" name="test_invalid_pin_rejected" time="1.138" /><testcase classname="backend.tests.test_multi_company.TestTenantPortal" name="test_tenant_login" time="0.953" /><testcase classname="backend.tests.test_multi_company.TestPDFEndpoints" name="test_payment_pdf" time="0.284" /><testcase classname="backend.tests.test_multi_company.TestPDFEndpoints" name="test_contract_pdf" time="0.270" /><testcase classname="backend.tests.test_multi_company.TestPDFEndpoints" name="test_invoice_pdf" time="0.267" /><testcase classname="backend.tests.test_p1_hardening.TestJanReseed" name="test_jan_pin_5678_works_directly" time="0.353" /><testcase classname="backend.tests.test_p1_hardening.TestKioskLockout" name="test_kiosk_bruteforce_lockout" time="4.747" /><testcase classname="backend.tests.test_p1_hardening.TestKioskLockout" name="test_kiosk_lockout_blocks_correct_pin_too" time="0.108" /><testcase classname="backend.tests.test_p1_hardening.TestTenantLockout" name="test_tenant_bruteforce_lockout" time="3.141" /><testcase classname="backend.tests.test_p1_hardening.TestTenantLockout" name="test_tenant_lockout_blocks_correct_pin" time="0.133" /><testcase classname="backend.tests.test_p1_hardening.TestCounterClearsOnSuccess" name="test_counter_reset_after_success" time="9.047" /><testcase classname="backend.tests.test_p1_hardening.TestTenantSetPinScope" name="test_admin_a_cannot_set_pin_on_admin_b_tenant" time="1.210" /><testcase classname="backend.tests.test_p1_hardening.TestTenantSetPinScope" name="test_admin_a_can_set_pin_on_own_tenant" time="0.490" /><testcase classname="backend.tests.test_p1_hardening.TestRegressionSmoke" name="test_kiosk_pin_1234_matches_surirent" time="0.373" /><testcase classname="backend.tests.test_p1_hardening.TestRegressionSmoke" name="test_companies_crud_for_superadmin" time="0.490" /><testcase classname="backend.tests.test_p1_hardening.TestRegressionSmoke" name="test_crud_list_endpoints_admin_a" time="38.640" /><testcase classname="backend.tests.test_p1_hardening.TestRegressionSmoke" name="test_auth_me_admin_a" time="0.136" /></testsuite></testsuites>