<?xml version="1.0" encoding="utf-8"?><testsuites name="pytest tests"><testsuite name="pytest" errors="0" failures="0" skipped="0" tests="16" time="6.775" timestamp="2026-05-23T17:40:49.018642+00:00" hostname="agent-env-b6cbd1b3-93cf-4aa3-8980-d84887d5c5aa"><testcase classname="backend.tests.test_tenant_kiosk.TestTenantLogin" name="test_login_with_email_ok" time="1.261" /><testcase classname="backend.tests.test_tenant_kiosk.TestTenantLogin" name="test_login_wrong_pin_401" time="0.390" /><testcase classname="backend.tests.test_tenant_kiosk.TestTenantLogin" name="test_login_unknown_user_401" time="0.115" /><testcase classname="backend.tests.test_tenant_kiosk.TestTenantLogin" name="test_login_requires_4digit_pin" time="0.132" /><testcase classname="backend.tests.test_tenant_kiosk.TestOverview" name="test_overview_shape" time="0.488" /><testcase classname="backend.tests.test_tenant_kiosk.TestOverview" name="test_overview_requires_token" time="0.140" /><testcase classname="backend.tests.test_tenant_kiosk.TestTenantInvoices" name="test_get_invoices_ok" time="0.145" /><testcase classname="backend.tests.test_tenant_kiosk.TestTenantInvoices" name="test_get_invoices_requires_token" time="0.103" /><testcase classname="backend.tests.test_tenant_kiosk.TestTenantInvoices" name="test_invoices_isolation_between_tenants" time="1.112" /><testcase classname="backend.tests.test_tenant_kiosk.TestTenantSelfPayment" name="test_free_form_payment_works" time="0.643" /><testcase classname="backend.tests.test_tenant_kiosk.TestTenantSelfPayment" name="test_body_tenant_id_cannot_override_session" time="0.530" /><testcase classname="backend.tests.test_tenant_kiosk.TestTenantSelfPayment" name="test_payment_with_own_invoice_marks_paid" time="0.946" /><testcase classname="backend.tests.test_tenant_kiosk.TestTenantSelfPayment" name="test_cannot_pay_other_tenants_invoice" time="0.330" /><testcase classname="backend.tests.test_tenant_kiosk.TestTenantSelfPayment" name="test_payment_requires_token" time="0.105" /><testcase classname="backend.tests.test_tenant_kiosk.TestMaintenanceRegression" name="test_post_maintenance_still_works" time="0.123" /><testcase classname="backend.tests.test_tenant_kiosk.TestMaintenanceRegression" name="test_get_maintenance_returns_list" time="0.122" /></testsuite></testsuites>