<?xml version="1.0" encoding="utf-8"?><testsuites name="pytest tests"><testsuite name="pytest" errors="0" failures="0" skipped="0" tests="15" time="12.674" timestamp="2026-05-23T18:44:58.291134+00:00" hostname="agent-env-b6cbd1b3-93cf-4aa3-8980-d84887d5c5aa"><testcase classname="backend.tests.test_tenant_pin_unique_and_pinlogin.TestTenantSetPinUniqueness" name="test_set_unique_pin_ok" time="2.696" /><testcase classname="backend.tests.test_tenant_pin_unique_and_pinlogin.TestTenantSetPinUniqueness" name="test_set_same_pin_on_self_idempotent" time="0.594" /><testcase classname="backend.tests.test_tenant_pin_unique_and_pinlogin.TestTenantSetPinUniqueness" name="test_set_pin_already_used_by_other_returns_409" time="0.341" /><testcase classname="backend.tests.test_tenant_pin_unique_and_pinlogin.TestTenantSetPinUniqueness" name="test_set_different_unique_pin_ok" time="1.100" /><testcase classname="backend.tests.test_tenant_pin_unique_and_pinlogin.TestTenantSetPinUniqueness" name="test_invalid_pin_format_400" time="0.118" /><testcase classname="backend.tests.test_tenant_pin_unique_and_pinlogin.TestCrossCompanyPinSet" name="test_other_company_can_use_same_pin_as_company_a_tenant" time="0.948" /><testcase classname="backend.tests.test_tenant_pin_unique_and_pinlogin.TestTenantPinLogin" name="test_login_with_company_slug_ok" time="0.336" /><testcase classname="backend.tests.test_tenant_pin_unique_and_pinlogin.TestTenantPinLogin" name="test_login_with_company_id_ok" time="0.559" /><testcase classname="backend.tests.test_tenant_pin_unique_and_pinlogin.TestTenantPinLogin" name="test_login_wrong_pin_401" time="0.546" /><testcase classname="backend.tests.test_tenant_pin_unique_and_pinlogin.TestTenantPinLogin" name="test_login_missing_company_context_400" time="0.100" /><testcase classname="backend.tests.test_tenant_pin_unique_and_pinlogin.TestTenantPinLogin" name="test_login_unknown_slug_400" time="0.144" /><testcase classname="backend.tests.test_tenant_pin_unique_and_pinlogin.TestCrossCompanyPinLogin" name="test_pin_5678_in_company_b_doesnt_return_company_a_tenant" time="0.466" /><testcase classname="backend.tests.test_tenant_pin_unique_and_pinlogin.TestLegacyIdentifierPinLogin" name="test_email_pin_login_still_works" time="0.340" /><testcase classname="backend.tests.test_tenant_pin_unique_and_pinlogin.TestLegacyIdentifierPinLogin" name="test_email_pin_login_wrong_pin_401" time="0.325" /><testcase classname="backend.tests.test_tenant_pin_unique_and_pinlogin.TestThrottle" name="test_throttle_after_8_failures" time="3.971" /></testsuite></testsuites>