<?xml version="1.0" encoding="utf-8"?><testsuites name="pytest tests"><testsuite name="pytest" errors="0" failures="0" skipped="0" tests="9" time="2.571" timestamp="2026-06-01T11:22:41.726322+00:00" hostname="agent-env-b6cbd1b3-93cf-4aa3-8980-d84887d5c5aa"><testcase classname="backend.tests.test_qr_cross_device" name="test_qr_create_anonymous_returns_token_url" time="0.123" /><testcase classname="backend.tests.test_qr_cross_device" name="test_qr_create_returns_absolute_qr_url" time="0.162" /><testcase classname="backend.tests.test_qr_cross_device" name="test_qr_status_pending_for_fresh" time="0.216" /><testcase classname="backend.tests.test_qr_cross_device" name="test_qr_status_unknown_token_returns_404" time="0.121" /><testcase classname="backend.tests.test_qr_cross_device" name="test_qr_claim_requires_auth" time="0.244" /><testcase classname="backend.tests.test_qr_cross_device" name="test_qr_claim_with_admin_success_then_status_claimed" time="0.707" /><testcase classname="backend.tests.test_qr_cross_device" name="test_qr_claim_double_claim_returns_400" time="0.333" /><testcase classname="backend.tests.test_qr_cross_device" name="test_qr_claim_unknown_token_returns_404" time="0.108" /><testcase classname="backend.tests.test_qr_cross_device" name="test_e2e_qr_flow_access_token_is_valid_admin_session" time="0.476" /></testsuite></testsuites>