<?xml version="1.0" encoding="utf-8"?><testsuites name="pytest tests"><testsuite name="pytest" errors="0" failures="1" skipped="0" tests="5" time="15.396" timestamp="2026-05-27T22:12:15.061315+00:00" hostname="agent-env-b6cbd1b3-93cf-4aa3-8980-d84887d5c5aa"><testcase classname="backend.tests.test_pending_count_latest.TestPendingCountShape" name="test_empty_state_latest_null" time="1.465" /><testcase classname="backend.tests.test_pending_count_latest.TestPendingCountShape" name="test_single_pending_latest_populated" time="6.095" /><testcase classname="backend.tests.test_pending_count_latest.TestPendingCountShape" name="test_two_pendings_latest_is_most_recent" time="7.169"><failure message="AssertionError: latest.id should be most-recent (4bd69204-200b-4a77-9f02-4359e5b51fe7), got f6c87e84-9302-4573-9401-290d54022d6b&#10;assert 'f6c87e84-930...-290d54022d6b' == '4bd69204-200...-4359e5b51fe7'&#10;  &#10;  - 4bd69204-200b-4a77-9f02-4359e5b51fe7&#10;  + f6c87e84-9302-4573-9401-290d54022d6b">backend/tests/test_pending_count_latest.py:224: in test_two_pendings_latest_is_most_recent
    assert latest["id"] == second["id"], (
E   AssertionError: latest.id should be most-recent (4bd69204-200b-4a77-9f02-4359e5b51fe7), got f6c87e84-9302-4573-9401-290d54022d6b
E   assert 'f6c87e84-930...-290d54022d6b' == '4bd69204-200...-4359e5b51fe7'
E     
E     - 4bd69204-200b-4a77-9f02-4359e5b51fe7
E     + f6c87e84-9302-4573-9401-290d54022d6b</failure></testcase><testcase classname="backend.tests.test_pending_count_latest.TestPendingCountShape" name="test_backward_compat_count_only_callers" time="0.111" /><testcase classname="backend.tests.test_pending_count_latest.TestPendingCountShape" name="test_cleanup_after_class" time="0.457" /></testsuite></testsuites>