<?xml version="1.0" encoding="utf-8"?><testsuites name="pytest tests"><testsuite name="pytest" errors="0" failures="0" skipped="1" tests="25" time="8.694" timestamp="2026-05-23T18:45:27.079750+00:00" hostname="agent-env-b6cbd1b3-93cf-4aa3-8980-d84887d5c5aa"><testcase classname="backend.tests.test_tenant_kiosk.TestTenantLogin" name="test_login_with_email_ok" time="1.355" /><testcase classname="backend.tests.test_tenant_kiosk.TestTenantLogin" name="test_login_wrong_pin_401" time="0.360" /><testcase classname="backend.tests.test_tenant_kiosk.TestTenantLogin" name="test_login_unknown_user_401" time="0.144" /><testcase classname="backend.tests.test_tenant_kiosk.TestTenantLogin" name="test_login_requires_4digit_pin" time="0.132" /><testcase classname="backend.tests.test_tenant_kiosk.TestOverview" name="test_overview_shape" time="0.439" /><testcase classname="backend.tests.test_tenant_kiosk.TestOverview" name="test_overview_requires_token" time="0.102" /><testcase classname="backend.tests.test_tenant_kiosk.TestTenantInvoices" name="test_get_invoices_ok" time="0.126" /><testcase classname="backend.tests.test_tenant_kiosk.TestTenantInvoices" name="test_get_invoices_requires_token" time="0.115" /><testcase classname="backend.tests.test_tenant_kiosk.TestTenantInvoices" name="test_invoices_isolation_between_tenants" time="1.226" /><testcase classname="backend.tests.test_tenant_kiosk.TestTenantSelfPayment" name="test_free_form_payment_works" time="0.588" /><testcase classname="backend.tests.test_tenant_kiosk.TestTenantSelfPayment" name="test_body_tenant_id_cannot_override_session" time="0.536" /><testcase classname="backend.tests.test_tenant_kiosk.TestTenantSelfPayment" name="test_payment_with_own_invoice_marks_paid" time="0.265"><skipped type="pytest.skip" message="Could not obtain/create an open invoice for primary tenant">/app/backend/tests/test_tenant_kiosk.py:244: Could not obtain/create an open invoice for primary tenant</skipped></testcase><testcase classname="backend.tests.test_tenant_kiosk.TestTenantSelfPayment" name="test_cannot_pay_other_tenants_invoice" time="0.252" /><testcase classname="backend.tests.test_tenant_kiosk.TestTenantSelfPayment" name="test_payment_requires_token" time="0.107" /><testcase classname="backend.tests.test_tenant_kiosk.TestMaintenanceRegression" name="test_post_maintenance_still_works" time="0.113" /><testcase classname="backend.tests.test_tenant_kiosk.TestMaintenanceRegression" name="test_get_maintenance_returns_list" time="0.107" /><testcase classname="backend.tests.test_kiosk_qr_sticker.TestLookupApartment" name="test_lookup_happy_path_public" time="1.008" /><testcase classname="backend.tests.test_kiosk_qr_sticker.TestLookupApartment" name="test_lookup_unknown_apartment_404" time="0.120" /><testcase classname="backend.tests.test_kiosk_qr_sticker.TestLookupApartment" name="test_lookup_does_not_require_auth" time="0.105" /><testcase classname="backend.tests.test_kiosk_qr_sticker.TestLookupApartment" name="test_lookup_apartment_without_tenant_404" time="0.212" /><testcase classname="backend.tests.test_kiosk_qr_sticker.TestKioskStickerPdf" name="test_pdf_content_type_and_magic" time="0.177" /><testcase classname="backend.tests.test_kiosk_qr_sticker.TestKioskStickerPdf" name="test_pdf_public_no_auth_required" time="0.170" /><testcase classname="backend.tests.test_kiosk_qr_sticker.TestKioskStickerPdf" name="test_pdf_404_unknown_apartment" time="0.114" /><testcase classname="backend.tests.test_kiosk_qr_sticker.TestKioskStickerPdf" name="test_pdf_does_not_crash_for_apartment_without_tenant" time="0.271" /><testcase classname="backend.tests.test_kiosk_qr_sticker.TestLookupThenLoginFlow" name="test_lookup_then_login_with_returned_email" time="0.472" /></testsuite></testsuites>