<?xml version="1.0" encoding="utf-8"?><testsuites name="pytest tests"><testsuite name="pytest" errors="0" failures="0" skipped="0" tests="6" time="2.436" timestamp="2026-06-06T17:49:28.347195+00:00" hostname="agent-env-b6cbd1b3-93cf-4aa3-8980-d84887d5c5aa"><testcase classname="backend.tests.test_iter34_cookies_and_customer_display.TestAuthCookies" name="test_login_sets_httponly_cookie" time="0.519" /><testcase classname="backend.tests.test_iter34_cookies_and_customer_display.TestAuthCookies" name="test_me_with_cookie_only_no_bearer" time="0.388" /><testcase classname="backend.tests.test_iter34_cookies_and_customer_display.TestAuthCookies" name="test_me_with_bearer_fallback_no_cookie" time="0.479" /><testcase classname="backend.tests.test_iter34_cookies_and_customer_display.TestAuthCookies" name="test_logout_clears_all_three_cookies" time="0.385" /><testcase classname="backend.tests.test_iter34_cookies_and_customer_display.TestCustomerDisplayBranding" name="test_branding_includes_bank_accounts" time="0.106" /><testcase classname="backend.tests.test_iter34_cookies_and_customer_display.TestCustomerDisplayRoundtrip" name="test_put_pay_then_public_reflects" time="0.487" /></testsuite></testsuites>