<?xml version="1.0" encoding="utf-8"?><testsuites name="pytest tests"><testsuite name="pytest" errors="0" failures="0" skipped="0" tests="9" time="34.031" timestamp="2026-05-26T23:19:54.788207+00:00" hostname="agent-env-b6cbd1b3-93cf-4aa3-8980-d84887d5c5aa"><testcase classname="backend.tests.test_employee_pin_login.TestKioskPinLogin" name="test_employee_pin_returns_employee_no_admin_token" time="6.410" /><testcase classname="backend.tests.test_employee_pin_login.TestKioskPinLogin" name="test_company_pin_returns_admin_token" time="0.377" /><testcase classname="backend.tests.test_employee_pin_login.TestKioskPinLogin" name="test_company_admin_token_usable_for_me" time="0.423" /><testcase classname="backend.tests.test_employee_pin_login.TestKioskPinLogin" name="test_invalid_pin_returns_401" time="1.890" /><testcase classname="backend.tests.test_employee_pin_login.TestPinUniqueness" name="test_employee_pin_clash_with_company_pin" time="0.331" /><testcase classname="backend.tests.test_employee_pin_login.TestPinUniqueness" name="test_employee_pin_clash_with_other_employee" time="1.664" /><testcase classname="backend.tests.test_employee_pin_login.TestPinUniqueness" name="test_kiosk_set_pin_clash_with_employee" time="1.667" /><testcase classname="backend.tests.test_employee_pin_login.TestKioskPaymentRegression" name="test_employee_kiosk_token_can_submit_pending" time="5.744" /><testcase classname="backend.tests.test_employee_pin_login.TestZPinThrottle" name="test_throttle_locks_after_8_bad_attempts" time="15.447" /></testsuite></testsuites>