<?xml version="1.0" encoding="utf-8"?><testsuites name="pytest tests"><testsuite name="pytest" errors="0" failures="0" skipped="0" tests="12" time="6.141" timestamp="2026-05-28T10:17:17.082853+00:00" hostname="agent-env-b6cbd1b3-93cf-4aa3-8980-d84887d5c5aa"><testcase classname="backend.tests.test_payment_plans_and_briefing.TestAdminPaymentPlans" name="test_create_plan_persists" time="0.667" /><testcase classname="backend.tests.test_payment_plans_and_briefing.TestAdminPaymentPlans" name="test_list_plans_includes_new" time="0.111" /><testcase classname="backend.tests.test_payment_plans_and_briefing.TestAdminPaymentPlans" name="test_admin_pay_installment_seq1" time="0.565" /><testcase classname="backend.tests.test_payment_plans_and_briefing.TestAdminPaymentPlans" name="test_admin_cannot_double_pay" time="0.107" /><testcase classname="backend.tests.test_payment_plans_and_briefing.TestAdminPaymentPlans" name="test_get_plan_invalid_id" time="0.098" /><testcase classname="backend.tests.test_payment_plans_and_briefing.TestTenantPortalPlans" name="test_tenant_list_plans" time="0.588" /><testcase classname="backend.tests.test_payment_plans_and_briefing.TestTenantPortalPlans" name="test_tenant_pay_installment" time="1.071" /><testcase classname="backend.tests.test_payment_plans_and_briefing.TestKioskPlans" name="test_kiosk_list_tenant_plans" time="0.537" /><testcase classname="backend.tests.test_payment_plans_and_briefing.TestKioskPlans" name="test_kiosk_pay_installment_creates_pending" time="1.225" /><testcase classname="backend.tests.test_payment_plans_and_briefing.TestKioskPlans" name="test_kiosk_pay_wrong_employee_pin" time="0.336" /><testcase classname="backend.tests.test_payment_plans_and_briefing.TestMorningBriefing" name="test_morning_briefing_shape" time="0.126" /><testcase classname="backend.tests.test_payment_plans_and_briefing" name="test_zz_cleanup_test_plans" time="0.644" /></testsuite></testsuites>