<?xml version="1.0" encoding="utf-8"?><testsuites name="pytest tests"><testsuite name="pytest" errors="0" failures="0" skipped="0" tests="14" time="1.829" timestamp="2026-05-27T07:20:03.187355+00:00" hostname="agent-env-b6cbd1b3-93cf-4aa3-8980-d84887d5c5aa"><testcase classname="backend.tests.test_push_devices.TestDeviceLabel" name="test_iphone_safari" time="0.000" /><testcase classname="backend.tests.test_push_devices.TestDeviceLabel" name="test_windows_chrome" time="0.000" /><testcase classname="backend.tests.test_push_devices.TestDeviceLabel" name="test_android_chrome" time="0.000" /><testcase classname="backend.tests.test_push_devices.TestDeviceLabel" name="test_mac_safari" time="0.000" /><testcase classname="backend.tests.test_push_devices.TestDeviceLabel" name="test_edge" time="0.000" /><testcase classname="backend.tests.test_push_devices.TestDeviceLabel" name="test_empty_ua" time="0.000" /><testcase classname="backend.tests.test_push_devices.TestDeviceLabel" name="test_unknown_ua" time="0.000" /><testcase classname="backend.tests.test_push_devices.TestPushDevicesAPI" name="test_01_subscribe_creates_device_with_id_and_ua" time="0.601" /><testcase classname="backend.tests.test_push_devices.TestPushDevicesAPI" name="test_02_list_devices_includes_new_device" time="0.101" /><testcase classname="backend.tests.test_push_devices.TestPushDevicesAPI" name="test_03_resubscribe_same_endpoint_upserts_keeps_id_and_created_at" time="0.223" /><testcase classname="backend.tests.test_push_devices.TestPushDevicesAPI" name="test_04_delete_nonexistent_returns_404" time="0.109" /><testcase classname="backend.tests.test_push_devices.TestPushDevicesAPI" name="test_05_delete_existing_device_decrements_status" time="0.467" /><testcase classname="backend.tests.test_push_devices.TestPushDevicesAPI" name="test_06_delete_already_deleted_returns_404" time="0.135" /><testcase classname="backend.tests.test_push_devices.TestPushDevicesAPI" name="test_07_unauthenticated_devices_list_rejected" time="0.114" /></testsuite></testsuites>