<?xml version="1.0" encoding="utf-8"?><testsuites name="pytest tests"><testsuite name="pytest" errors="0" failures="0" skipped="0" tests="19" time="20.250" timestamp="2026-05-27T22:13:06.943452+00:00" hostname="agent-env-b6cbd1b3-93cf-4aa3-8980-d84887d5c5aa"><testcase classname="backend.tests.test_payment_approval_workflow.TestAuth" name="test_admin_login" time="0.390" /><testcase classname="backend.tests.test_payment_approval_workflow.TestAuth" name="test_kiosk_pin_login" time="0.360" /><testcase classname="backend.tests.test_payment_approval_workflow.TestAuth" name="test_employee_verify" time="2.614" /><testcase classname="backend.tests.test_payment_approval_workflow.TestAuth" name="test_employee_verify_wrong_pin" time="0.549" /><testcase classname="backend.tests.test_payment_approval_workflow.TestApprovalWorkflow" name="test_payment_created_as_pending" time="1.965" /><testcase classname="backend.tests.test_payment_approval_workflow.TestApprovalWorkflow" name="test_pending_count_increases" time="0.132" /><testcase classname="backend.tests.test_payment_approval_workflow.TestApprovalWorkflow" name="test_pending_list_contains_payment" time="0.110" /><testcase classname="backend.tests.test_payment_approval_workflow.TestApprovalWorkflow" name="test_approve_payment" time="0.383" /><testcase classname="backend.tests.test_payment_approval_workflow.TestApprovalWorkflow" name="test_approved_payment_not_in_pending_list" time="0.137" /><testcase classname="backend.tests.test_payment_approval_workflow.TestApprovalWorkflow" name="test_approved_payment_optionally_linked_to_invoice" time="0.394" /><testcase classname="backend.tests.test_payment_approval_workflow.TestRejectFlow" name="test_reject_pending" time="2.224" /><testcase classname="backend.tests.test_payment_approval_workflow.TestLegacyKioskPayment" name="test_legacy_no_employee_id_is_approved" time="1.597" /><testcase classname="backend.tests.test_push_pending_notification.TestPushInfra" name="test_vapid_public_key" time="0.108" /><testcase classname="backend.tests.test_push_pending_notification.TestPushInfra" name="test_status" time="0.507" /><testcase classname="backend.tests.test_push_pending_notification.TestPushInfra" name="test_test_push" time="1.584" /><testcase classname="backend.tests.test_push_pending_notification.TestKioskPaymentBranching" name="test_pending_payment_status_and_no_push_error" time="5.362" /><testcase classname="backend.tests.test_push_pending_notification.TestKioskPaymentBranching" name="test_approved_legacy_path" time="1.650" /><testcase classname="backend.tests.test_push_pending_notification.TestKioskPaymentBranching" name="test_devices_count_did_not_drop_to_zero" time="0.107" /><testcase classname="backend.tests.test_push_pending_notification.TestKioskPaymentBranching" name="test_no_push_error_in_backend_log" time="0.001" /></testsuite></testsuites>