<?xml version="1.0" encoding="utf-8"?><testsuites name="pytest tests"><testsuite name="pytest" errors="0" failures="0" skipped="0" tests="11" time="3.676" timestamp="2026-05-21T19:07:41.135009+00:00" hostname="agent-env-b6cbd1b3-93cf-4aa3-8980-d84887d5c5aa"><testcase classname="backend.tests.test_shelly.TestShellyDisabled" name="test_devices_returns_400_dutch" time="0.679" /><testcase classname="backend.tests.test_shelly.TestShellyDisabled" name="test_status_when_not_configured_returns_400" time="0.427" /><testcase classname="backend.tests.test_shelly.TestShellyDisabled" name="test_control_returns_400_not_500" time="0.150" /><testcase classname="backend.tests.test_shelly.TestShellyBinding" name="test_bind_apartment" time="0.122" /><testcase classname="backend.tests.test_shelly.TestShellyBinding" name="test_apartments_list_shows_binding" time="0.459" /><testcase classname="backend.tests.test_shelly.TestShellyBinding" name="test_unbind_apartment" time="0.267" /><testcase classname="backend.tests.test_shelly.TestShellyValidation" name="test_invalid_turn_value" time="0.236" /><testcase classname="backend.tests.test_shelly.TestShellyCrossCompany" name="test_b_cannot_bind_a_apartment" time="0.597" /><testcase classname="backend.tests.test_shelly.TestShellyCrossCompany" name="test_b_cannot_unbind_a_apartment" time="0.194" /><testcase classname="backend.tests.test_shelly.TestShellyCrossCompany" name="test_b_cannot_control_a_apartment" time="0.194" /><testcase classname="backend.tests.test_shelly.TestShellyAuth" name="test_unauthenticated_blocked" time="0.268" /></testsuite></testsuites>