<?xml version="1.0" encoding="utf-8"?><testsuites name="pytest tests"><testsuite name="pytest" errors="0" failures="0" skipped="0" tests="7" time="9.592" timestamp="2026-05-26T23:54:28.377442+00:00" hostname="agent-env-b6cbd1b3-93cf-4aa3-8980-d84887d5c5aa"><testcase classname="backend.tests.test_push_pending_notification.TestPushInfra" name="test_vapid_public_key" time="0.313" /><testcase classname="backend.tests.test_push_pending_notification.TestPushInfra" name="test_status" time="0.451" /><testcase classname="backend.tests.test_push_pending_notification.TestPushInfra" name="test_test_push" time="1.641" /><testcase classname="backend.tests.test_push_pending_notification.TestKioskPaymentBranching" name="test_pending_payment_status_and_no_push_error" time="5.360" /><testcase classname="backend.tests.test_push_pending_notification.TestKioskPaymentBranching" name="test_approved_legacy_path" time="1.646" /><testcase classname="backend.tests.test_push_pending_notification.TestKioskPaymentBranching" name="test_devices_count_did_not_drop_to_zero" time="0.109" /><testcase classname="backend.tests.test_push_pending_notification.TestKioskPaymentBranching" name="test_no_push_error_in_backend_log" time="0.002" /></testsuite></testsuites>