<?xml version="1.0" encoding="utf-8"?><testsuites name="pytest tests"><testsuite name="pytest" errors="0" failures="0" skipped="0" tests="9" time="3.630" timestamp="2026-05-30T00:57:09.985282+00:00" hostname="agent-env-b6cbd1b3-93cf-4aa3-8980-d84887d5c5aa"><testcase classname="backend.tests.test_iter27_buckets_and_kiosk_plan.TestKioskTenantOverviewBuckets" name="test_overview_has_three_bucket_fields" time="0.935" /><testcase classname="backend.tests.test_iter27_buckets_and_kiosk_plan.TestKioskTenantOverviewBuckets" name="test_overview_invoice_items_have_bucket_field" time="0.125" /><testcase classname="backend.tests.test_iter27_buckets_and_kiosk_plan.TestListInvoicesBucket" name="test_unpaid_invoices_have_bucket" time="0.168" /><testcase classname="backend.tests.test_iter27_buckets_and_kiosk_plan.TestBucketClassification" name="test_future_invoice_is_classified_future" time="0.409" /><testcase classname="backend.tests.test_iter27_buckets_and_kiosk_plan.TestBucketClassification" name="test_old_invoice_is_classified_overdue" time="0.381" /><testcase classname="backend.tests.test_iter27_buckets_and_kiosk_plan.TestKioskQuickPaymentPlan" name="test_quick_plan_legacy_single_invoice_id" time="0.366" /><testcase classname="backend.tests.test_iter27_buckets_and_kiosk_plan.TestKioskQuickPaymentPlan" name="test_quick_plan_multi_invoice_ids" time="0.288" /><testcase classname="backend.tests.test_iter27_buckets_and_kiosk_plan.TestKioskQuickPaymentPlan" name="test_quick_plan_validation" time="0.126" /><testcase classname="backend.tests.test_iter27_buckets_and_kiosk_plan.TestPartialPayment" name="test_partial_payment_sets_status_partial" time="0.749" /></testsuite></testsuites>