<?xml version="1.0" encoding="utf-8"?><testsuites name="pytest tests"><testsuite name="pytest" errors="0" failures="2" skipped="0" tests="63" time="68.195" timestamp="2026-05-23T17:40:59.818167+00:00" hostname="agent-env-b6cbd1b3-93cf-4aa3-8980-d84887d5c5aa"><testcase classname="backend.tests.test_phase3_tenant_portal.TestAdminSetPin" name="test_set_pin_requires_admin" time="0.588" /><testcase classname="backend.tests.test_phase3_tenant_portal.TestAdminSetPin" name="test_set_pin_invalid_format" time="0.110" /><testcase classname="backend.tests.test_phase3_tenant_portal.TestAdminSetPin" name="test_set_pin_unknown_tenant" time="0.111" /><testcase classname="backend.tests.test_phase3_tenant_portal.TestAdminSetPin" name="test_set_pin_success" time="0.341" /><testcase classname="backend.tests.test_phase3_tenant_portal.TestTenantLogin" name="test_login_with_email" time="0.661" /><testcase classname="backend.tests.test_phase3_tenant_portal.TestTenantLogin" name="test_login_with_phone_full_string" time="0.335" /><testcase classname="backend.tests.test_phase3_tenant_portal.TestTenantLogin" name="test_login_with_phone_digits_only" time="0.336" /><testcase classname="backend.tests.test_phase3_tenant_portal.TestTenantLogin" name="test_login_wrong_pin" time="0.327" /><testcase classname="backend.tests.test_phase3_tenant_portal.TestTenantLogin" name="test_login_unknown_identifier" time="0.133" /><testcase classname="backend.tests.test_phase3_tenant_portal.TestTenantLogin" name="test_login_tenant_without_pin" time="0.367" /><testcase classname="backend.tests.test_phase3_tenant_portal.TestTenantMe" name="test_me_returns_tenant" time="0.472" /><testcase classname="backend.tests.test_phase3_tenant_portal.TestTenantMe" name="test_me_without_token_unauthorized" time="0.106" /><testcase classname="backend.tests.test_phase3_tenant_portal.TestTenantMe" name="test_me_with_admin_token_rejected" time="0.114" /><testcase classname="backend.tests.test_phase3_tenant_portal.TestTenantOverview" name="test_overview_shape" time="0.115" /><testcase classname="backend.tests.test_phase3_tenant_portal.TestTenantOverview" name="test_payments_only_own" time="0.175" /><testcase classname="backend.tests.test_phase3_tenant_portal.TestTenantOverview" name="test_contracts_only_own" time="0.104" /><testcase classname="backend.tests.test_phase3_tenant_portal.TestTenantMaintenance" name="test_maintenance_list" time="0.095" /><testcase classname="backend.tests.test_phase3_tenant_portal.TestTenantMaintenance" name="test_create_maintenance" time="0.352" /><testcase classname="backend.tests.test_phase3_tenant_portal.TestTenantMaintenance" name="test_create_maintenance_no_apartment" time="1.011" /><testcase classname="backend.tests.test_phase3_tenant_portal.TestTenantLogout" name="test_logout_clears_cookie" time="0.115" /><testcase classname="backend.tests.test_multi_company.TestAuth" name="test_health" time="0.116" /><testcase classname="backend.tests.test_multi_company.TestAuth" name="test_login_super" time="0.332" /><testcase classname="backend.tests.test_multi_company.TestAuth" name="test_login_admin_a" time="0.323" /><testcase classname="backend.tests.test_multi_company.TestAuth" name="test_login_admin_b" time="0.328" /><testcase classname="backend.tests.test_multi_company.TestAuth" name="test_me_returns_active_company" time="0.110" /><testcase classname="backend.tests.test_multi_company.TestAuth" name="test_me_super_with_header" time="0.469" /><testcase classname="backend.tests.test_multi_company.TestAuth" name="test_me_super_no_header_unscoped" time="0.116" /><testcase classname="backend.tests.test_multi_company.TestCompanies" name="test_list_requires_superadmin" time="0.100" /><testcase classname="backend.tests.test_multi_company.TestCompanies" name="test_list_with_stats" time="0.117" /><testcase classname="backend.tests.test_multi_company.TestCompanies" name="test_create_update_delete_company" time="0.362" /><testcase classname="backend.tests.test_multi_company.TestCompanies" name="test_delete_with_data_refused" time="0.104" /><testcase classname="backend.tests.test_multi_company.TestCompanies" name="test_seed_admin" time="0.930" /><testcase classname="backend.tests.test_multi_company.TestDataIsolation" name="test_admin_a_apartments_only_a" time="0.111" /><testcase classname="backend.tests.test_multi_company.TestDataIsolation" name="test_admin_b_apartments_only_b" time="0.104" /><testcase classname="backend.tests.test_multi_company.TestDataIsolation" name="test_admin_a_creates_apartment_invisible_to_b" time="0.557" /><testcase classname="backend.tests.test_multi_company.TestDataIsolation" name="test_tenants_isolation" time="0.469" /><testcase classname="backend.tests.test_multi_company.TestDataIsolation" name="test_payments_isolation" time="0.310" /><testcase classname="backend.tests.test_multi_company.TestDataIsolation" name="test_superadmin_unscoped_sees_all" time="0.323" /><testcase classname="backend.tests.test_multi_company.TestDataIsolation" name="test_superadmin_with_header_scoped" time="0.203" /><testcase classname="backend.tests.test_multi_company.TestScopedCRUDLeakage" name="test_invoices_list_scoped" time="0.425" /><testcase classname="backend.tests.test_multi_company.TestScopedCRUDLeakage" name="test_contracts_list_scoped" time="0.440" /><testcase classname="backend.tests.test_multi_company.TestScopedCRUDLeakage" name="test_employees_list_scoped" time="0.340" /><testcase classname="backend.tests.test_multi_company.TestScopedCRUDLeakage" name="test_maintenance_list_scoped" time="0.437" /><testcase classname="backend.tests.test_multi_company.TestScopedCRUDLeakage" name="test_kasgeld_list_scoped" time="0.347" /><testcase classname="backend.tests.test_multi_company.TestScopedCRUDLeakage" name="test_deposits_list_scoped" time="0.445" /><testcase classname="backend.tests.test_multi_company.TestCrossCompanyWriteProtection" name="test_cross_company_delete_invoice_forbidden" time="0.554" /><testcase classname="backend.tests.test_multi_company.TestCrossCompanyWriteProtection" name="test_cross_company_delete_contract_forbidden" time="20.713" /><testcase classname="backend.tests.test_multi_company.TestCrossCompanyWriteProtection" name="test_cross_company_delete_employee_forbidden" time="15.608" /><testcase classname="backend.tests.test_multi_company.TestCrossCompanyWriteProtection" name="test_cross_company_delete_kasgeld_forbidden" time="3.536" /><testcase classname="backend.tests.test_multi_company.TestCrossCompanyWriteProtection" name="test_cross_company_maintenance_status_forbidden" time="0.564" /><testcase classname="backend.tests.test_multi_company.TestCrossCompanyWriteProtection" name="test_cross_company_deposit_refund_forbidden" time="0.554" /><testcase classname="backend.tests.test_multi_company.TestInvoicesGenerateMonth" name="test_generate_month_only_own_company" time="0.897" /><testcase classname="backend.tests.test_multi_company.TestKasgeldBalance" name="test_balance_scoped_per_company" time="4.576" /><testcase classname="backend.tests.test_multi_company.TestAIChatContext" name="test_ai_context_scoped" time="0.207"><failure message="AssertionError: {&quot;detail&quot;:&quot;Not Found&quot;}&#10;assert 404 in (200, 401, 503)&#10; +  where 404 = &lt;Response [404]&gt;.status_code">E   AssertionError: {"detail":"Not Found"}
    assert 404 in (200, 401, 503)
     +  where 404 = &lt;Response [404]&gt;.status_code</failure></testcase><testcase classname="backend.tests.test_multi_company.TestAdminStats" name="test_stats_scoped_per_company" time="0.374" /><testcase classname="backend.tests.test_multi_company.TestKioskPin" name="test_pin_1234_matches_default" time="0.371" /><testcase classname="backend.tests.test_multi_company.TestKioskPin" name="test_set_pin_1234_as_admin_b_rejected" time="0.335" /><testcase classname="backend.tests.test_multi_company.TestKioskPin" name="test_set_unique_pin_as_admin_b_works" time="2.001" /><testcase classname="backend.tests.test_multi_company.TestKioskPin" name="test_invalid_pin_rejected" time="2.932" /><testcase classname="backend.tests.test_multi_company.TestTenantPortal" name="test_tenant_login" time="0.149"><failure message="AssertionError: {&quot;detail&quot;:&quot;Onjuiste gegevens of PIN niet ingesteld&quot;}&#10;assert 401 == 200&#10; +  where 401 = &lt;Response [401]&gt;.status_code">E   AssertionError: {"detail":"Onjuiste gegevens of PIN niet ingesteld"}
    assert 401 == 200
     +  where 401 = &lt;Response [401]&gt;.status_code</failure></testcase><testcase classname="backend.tests.test_multi_company.TestPDFEndpoints" name="test_payment_pdf" time="0.337" /><testcase classname="backend.tests.test_multi_company.TestPDFEndpoints" name="test_contract_pdf" time="0.233" /><testcase classname="backend.tests.test_multi_company.TestPDFEndpoints" name="test_invoice_pdf" time="0.243" /></testsuite></testsuites>