<?xml version="1.0" encoding="utf-8"?><testsuites name="pytest tests"><testsuite name="pytest" errors="0" failures="0" skipped="0" tests="10" time="1.178" timestamp="2026-05-23T20:17:20.233183+00:00" hostname="agent-env-b6cbd1b3-93cf-4aa3-8980-d84887d5c5aa"><testcase classname="backend.tests.test_customer_display.TestPutCustomerDisplay" name="test_put_requires_auth" time="0.004" /><testcase classname="backend.tests.test_customer_display.TestPutCustomerDisplay" name="test_put_idle_success" time="0.254" /><testcase classname="backend.tests.test_customer_display.TestPutCustomerDisplay" name="test_put_select_with_apartment_and_tenant" time="0.003" /><testcase classname="backend.tests.test_customer_display.TestPutCustomerDisplay" name="test_put_invalid_payload_missing_step" time="0.002" /><testcase classname="backend.tests.test_customer_display.TestGetCustomerDisplayPublic" name="test_get_unknown_slug_returns_404" time="0.002" /><testcase classname="backend.tests.test_customer_display.TestGetCustomerDisplayPublic" name="test_get_valid_slug_returns_branding_and_state" time="0.004" /><testcase classname="backend.tests.test_customer_display.TestGetCustomerDisplayPublic" name="test_no_auth_required_on_public" time="0.002" /><testcase classname="backend.tests.test_customer_display.TestGetCustomerDisplayPublic" name="test_delete_resets_state" time="0.307" /><testcase classname="backend.tests.test_customer_display.TestGetCustomerDisplayPublic" name="test_delete_requires_auth" time="0.001" /><testcase classname="backend.tests.test_customer_display.TestGetCustomerDisplayPublic" name="test_state_persists_through_full_flow" time="0.528" /></testsuite></testsuites>