<?xml version="1.0" encoding="utf-8"?><testsuites name="pytest tests"><testsuite name="pytest" errors="0" failures="0" skipped="0" tests="6" time="2.094" timestamp="2026-08-04T23:20:30.054799+00:00" hostname="agent-env-b6cbd1b3-93cf-4aa3-8980-d84887d5c5aa"><testcase classname="tests.test_iter36_regression" name="test_admin_login" time="0.368" /><testcase classname="tests.test_iter36_regression" name="test_kiosk_pin_login" time="0.336" /><testcase classname="tests.test_iter36_regression" name="test_superadmin_login" time="0.322" /><testcase classname="tests.test_iter36_regression" name="test_public_landing_by_slug" time="0.120" /><testcase classname="tests.test_iter36_regression" name="test_nfc_relink_and_login" time="0.555" /><testcase classname="tests.test_iter36_regression" name="test_billing_soft_enforcement" time="0.324" /></testsuite></testsuites>