<?xml version="1.0" encoding="utf-8"?><testsuites name="pytest tests"><testsuite name="pytest" errors="0" failures="0" skipped="0" tests="55" time="112.365" timestamp="2026-05-21T19:07:49.391963+00:00" hostname="agent-env-b6cbd1b3-93cf-4aa3-8980-d84887d5c5aa"><testcase classname="backend.tests.test_multi_company.TestAuth" name="test_health" time="0.219" /><testcase classname="backend.tests.test_multi_company.TestAuth" name="test_login_super" time="0.352" /><testcase classname="backend.tests.test_multi_company.TestAuth" name="test_login_admin_a" time="0.355" /><testcase classname="backend.tests.test_multi_company.TestAuth" name="test_login_admin_b" time="0.372" /><testcase classname="backend.tests.test_multi_company.TestAuth" name="test_me_returns_active_company" time="0.134" /><testcase classname="backend.tests.test_multi_company.TestAuth" name="test_me_super_with_header" time="0.467" /><testcase classname="backend.tests.test_multi_company.TestAuth" name="test_me_super_no_header_unscoped" time="0.124" /><testcase classname="backend.tests.test_multi_company.TestCompanies" name="test_list_requires_superadmin" time="0.131" /><testcase classname="backend.tests.test_multi_company.TestCompanies" name="test_list_with_stats" time="0.119" /><testcase classname="backend.tests.test_multi_company.TestCompanies" name="test_create_update_delete_company" time="0.517" /><testcase classname="backend.tests.test_multi_company.TestCompanies" name="test_delete_with_data_refused" time="0.133" /><testcase classname="backend.tests.test_multi_company.TestCompanies" name="test_seed_admin" time="1.004" /><testcase classname="backend.tests.test_multi_company.TestDataIsolation" name="test_admin_a_apartments_only_a" time="0.105" /><testcase classname="backend.tests.test_multi_company.TestDataIsolation" name="test_admin_b_apartments_only_b" time="0.153" /><testcase classname="backend.tests.test_multi_company.TestDataIsolation" name="test_admin_a_creates_apartment_invisible_to_b" time="0.684" /><testcase classname="backend.tests.test_multi_company.TestDataIsolation" name="test_tenants_isolation" time="0.608" /><testcase classname="backend.tests.test_multi_company.TestDataIsolation" name="test_payments_isolation" time="0.284" /><testcase classname="backend.tests.test_multi_company.TestDataIsolation" name="test_superadmin_unscoped_sees_all" time="0.390" /><testcase classname="backend.tests.test_multi_company.TestDataIsolation" name="test_superadmin_with_header_scoped" time="0.297" /><testcase classname="backend.tests.test_multi_company.TestScopedCRUDLeakage" name="test_invoices_list_scoped" time="0.542" /><testcase classname="backend.tests.test_multi_company.TestScopedCRUDLeakage" name="test_contracts_list_scoped" time="0.507" /><testcase classname="backend.tests.test_multi_company.TestScopedCRUDLeakage" name="test_employees_list_scoped" time="0.412" /><testcase classname="backend.tests.test_multi_company.TestScopedCRUDLeakage" name="test_maintenance_list_scoped" time="0.538" /><testcase classname="backend.tests.test_multi_company.TestScopedCRUDLeakage" name="test_kasgeld_list_scoped" time="0.368" /><testcase classname="backend.tests.test_multi_company.TestScopedCRUDLeakage" name="test_deposits_list_scoped" time="0.583" /><testcase classname="backend.tests.test_multi_company.TestCrossCompanyWriteProtection" name="test_cross_company_delete_invoice_forbidden" time="0.646" /><testcase classname="backend.tests.test_multi_company.TestCrossCompanyWriteProtection" name="test_cross_company_delete_contract_forbidden" time="0.688" /><testcase classname="backend.tests.test_multi_company.TestCrossCompanyWriteProtection" name="test_cross_company_delete_employee_forbidden" time="0.523" /><testcase classname="backend.tests.test_multi_company.TestCrossCompanyWriteProtection" name="test_cross_company_delete_kasgeld_forbidden" time="0.505" /><testcase classname="backend.tests.test_multi_company.TestCrossCompanyWriteProtection" name="test_cross_company_maintenance_status_forbidden" time="0.672" /><testcase classname="backend.tests.test_multi_company.TestCrossCompanyWriteProtection" name="test_cross_company_deposit_refund_forbidden" time="0.720" /><testcase classname="backend.tests.test_multi_company.TestInvoicesGenerateMonth" name="test_generate_month_only_own_company" time="1.006" /><testcase classname="backend.tests.test_multi_company.TestKasgeldBalance" name="test_balance_scoped_per_company" time="0.536" /><testcase classname="backend.tests.test_multi_company.TestAIChatContext" name="test_ai_context_scoped" time="8.632" /><testcase classname="backend.tests.test_multi_company.TestAdminStats" name="test_stats_scoped_per_company" time="0.451" /><testcase classname="backend.tests.test_multi_company.TestKioskPin" name="test_pin_1234_matches_default" time="0.361" /><testcase classname="backend.tests.test_multi_company.TestKioskPin" name="test_set_pin_1234_as_admin_b_rejected" time="0.353" /><testcase classname="backend.tests.test_multi_company.TestKioskPin" name="test_set_unique_pin_as_admin_b_works" time="1.141" /><testcase classname="backend.tests.test_multi_company.TestKioskPin" name="test_invalid_pin_rejected" time="1.361" /><testcase classname="backend.tests.test_multi_company.TestTenantPortal" name="test_tenant_login" time="39.220" /><testcase classname="backend.tests.test_multi_company.TestPDFEndpoints" name="test_payment_pdf" time="20.479" /><testcase classname="backend.tests.test_multi_company.TestPDFEndpoints" name="test_contract_pdf" time="0.326" /><testcase classname="backend.tests.test_multi_company.TestPDFEndpoints" name="test_invoice_pdf" time="0.248" /><testcase classname="backend.tests.test_p1_hardening.TestJanReseed" name="test_jan_pin_5678_works_directly" time="0.345" /><testcase classname="backend.tests.test_p1_hardening.TestKioskLockout" name="test_kiosk_bruteforce_lockout" time="4.831" /><testcase classname="backend.tests.test_p1_hardening.TestKioskLockout" name="test_kiosk_lockout_blocks_correct_pin_too" time="0.115" /><testcase classname="backend.tests.test_p1_hardening.TestTenantLockout" name="test_tenant_bruteforce_lockout" time="2.993" /><testcase classname="backend.tests.test_p1_hardening.TestTenantLockout" name="test_tenant_lockout_blocks_correct_pin" time="0.124" /><testcase classname="backend.tests.test_p1_hardening.TestCounterClearsOnSuccess" name="test_counter_reset_after_success" time="9.294" /><testcase classname="backend.tests.test_p1_hardening.TestTenantSetPinScope" name="test_admin_a_cannot_set_pin_on_admin_b_tenant" time="1.228" /><testcase classname="backend.tests.test_p1_hardening.TestTenantSetPinScope" name="test_admin_a_can_set_pin_on_own_tenant" time="0.477" /><testcase classname="backend.tests.test_p1_hardening.TestRegressionSmoke" name="test_kiosk_pin_1234_matches_surirent" time="0.341" /><testcase classname="backend.tests.test_p1_hardening.TestRegressionSmoke" name="test_companies_crud_for_superadmin" time="3.778" /><testcase classname="backend.tests.test_p1_hardening.TestRegressionSmoke" name="test_crud_list_endpoints_admin_a" time="1.335" /><testcase classname="backend.tests.test_p1_hardening.TestRegressionSmoke" name="test_auth_me_admin_a" time="0.136" /></testsuite></testsuites>