<?xml version="1.0" encoding="utf-8"?><testsuites name="pytest tests"><testsuite name="pytest" errors="0" failures="0" skipped="0" tests="9" time="2.638" timestamp="2026-05-23T18:03:28.487176+00:00" hostname="agent-env-b6cbd1b3-93cf-4aa3-8980-d84887d5c5aa"><testcase classname="backend.tests.test_kiosk_qr_sticker.TestLookupApartment" name="test_lookup_happy_path_public" time="0.942" /><testcase classname="backend.tests.test_kiosk_qr_sticker.TestLookupApartment" name="test_lookup_unknown_apartment_404" time="0.115" /><testcase classname="backend.tests.test_kiosk_qr_sticker.TestLookupApartment" name="test_lookup_does_not_require_auth" time="0.103" /><testcase classname="backend.tests.test_kiosk_qr_sticker.TestLookupApartment" name="test_lookup_apartment_without_tenant_404" time="0.221" /><testcase classname="backend.tests.test_kiosk_qr_sticker.TestKioskStickerPdf" name="test_pdf_content_type_and_magic" time="0.175" /><testcase classname="backend.tests.test_kiosk_qr_sticker.TestKioskStickerPdf" name="test_pdf_public_no_auth_required" time="0.151" /><testcase classname="backend.tests.test_kiosk_qr_sticker.TestKioskStickerPdf" name="test_pdf_404_unknown_apartment" time="0.134" /><testcase classname="backend.tests.test_kiosk_qr_sticker.TestKioskStickerPdf" name="test_pdf_does_not_crash_for_apartment_without_tenant" time="0.271" /><testcase classname="backend.tests.test_kiosk_qr_sticker.TestLookupThenLoginFlow" name="test_lookup_then_login_with_returned_email" time="0.449" /></testsuite></testsuites>