<?xml version="1.0" encoding="utf-8"?><testsuites name="pytest tests"><testsuite name="pytest" errors="0" failures="0" skipped="0" tests="20" time="28.698" timestamp="2026-05-26T23:35:34.513710+00:00" hostname="agent-env-b6cbd1b3-93cf-4aa3-8980-d84887d5c5aa"><testcase classname="backend.tests.test_payment_approval_workflow.TestAuth" name="test_admin_login" time="0.343" /><testcase classname="backend.tests.test_payment_approval_workflow.TestAuth" name="test_kiosk_pin_login" time="0.362" /><testcase classname="backend.tests.test_payment_approval_workflow.TestAuth" name="test_employee_verify" time="2.552" /><testcase classname="backend.tests.test_payment_approval_workflow.TestAuth" name="test_employee_verify_wrong_pin" time="0.598" /><testcase classname="backend.tests.test_payment_approval_workflow.TestApprovalWorkflow" name="test_payment_created_as_pending" time="1.882" /><testcase classname="backend.tests.test_payment_approval_workflow.TestApprovalWorkflow" name="test_pending_count_increases" time="0.124" /><testcase classname="backend.tests.test_payment_approval_workflow.TestApprovalWorkflow" name="test_pending_list_contains_payment" time="0.124" /><testcase classname="backend.tests.test_payment_approval_workflow.TestApprovalWorkflow" name="test_approve_payment" time="0.360" /><testcase classname="backend.tests.test_payment_approval_workflow.TestApprovalWorkflow" name="test_approved_payment_not_in_pending_list" time="0.112" /><testcase classname="backend.tests.test_payment_approval_workflow.TestApprovalWorkflow" name="test_approved_payment_optionally_linked_to_invoice" time="0.338" /><testcase classname="backend.tests.test_payment_approval_workflow.TestRejectFlow" name="test_reject_pending" time="1.826" /><testcase classname="backend.tests.test_payment_approval_workflow.TestLegacyKioskPayment" name="test_legacy_no_employee_id_is_approved" time="1.540" /><testcase classname="backend.tests.test_employee_pin_login.TestKioskPinLogin" name="test_employee_pin_returns_employee_no_admin_token" time="6.180" /><testcase classname="backend.tests.test_employee_pin_login.TestKioskPinLogin" name="test_company_pin_returns_admin_token" time="0.326" /><testcase classname="backend.tests.test_employee_pin_login.TestKioskPinLogin" name="test_company_admin_token_usable_for_me" time="0.372" /><testcase classname="backend.tests.test_employee_pin_login.TestKioskPinLogin" name="test_invalid_pin_returns_401" time="1.907" /><testcase classname="backend.tests.test_employee_pin_login.TestPinUniqueness" name="test_employee_pin_clash_with_company_pin" time="0.355" /><testcase classname="backend.tests.test_employee_pin_login.TestPinUniqueness" name="test_employee_pin_clash_with_other_employee" time="1.672" /><testcase classname="backend.tests.test_employee_pin_login.TestPinUniqueness" name="test_kiosk_set_pin_clash_with_employee" time="1.668" /><testcase classname="backend.tests.test_employee_pin_login.TestKioskPaymentRegression" name="test_employee_kiosk_token_can_submit_pending" time="5.988" /></testsuite></testsuites>