<?xml version="1.0" encoding="utf-8"?><testsuites name="pytest tests"><testsuite name="pytest" errors="0" failures="0" skipped="0" tests="5" time="6.025" timestamp="2026-05-26T23:35:23.874266+00:00" hostname="agent-env-b6cbd1b3-93cf-4aa3-8980-d84887d5c5aa"><testcase classname="backend.tests.test_iteration19_receipt_name.TestReceiptName" name="test_received_by_auto_populated_from_employee" time="3.889" /><testcase classname="backend.tests.test_iteration19_receipt_name.TestReceiptName" name="test_pdf_contains_received_by_row" time="0.124" /><testcase classname="backend.tests.test_iteration19_receipt_name.TestReceiptName" name="test_explicit_received_by_overrides_employee_name" time="1.707" /><testcase classname="backend.tests.test_iteration19_receipt_name.TestStaleToken401" name="test_invalid_admin_token_returns_401" time="0.132" /><testcase classname="backend.tests.test_iteration19_receipt_name.TestStaleToken401" name="test_invalid_kiosk_token_returns_401" time="0.108" /></testsuite></testsuites>