<?xml version="1.0" encoding="utf-8"?><testsuites name="pytest tests"><testsuite name="pytest" errors="0" failures="0" skipped="0" tests="8" time="3.494" timestamp="2026-06-06T22:17:02.665446+00:00" hostname="agent-env-b6cbd1b3-93cf-4aa3-8980-d84887d5c5aa"><testcase classname="backend.tests.test_iter35_customer_display_reset.TestAuthRegression" name="test_login_sets_cookie" time="0.345" /><testcase classname="backend.tests.test_iter35_customer_display_reset.TestAuthRegression" name="test_me_via_cookie_only" time="0.381" /><testcase classname="backend.tests.test_iter35_customer_display_reset.TestAuthRegression" name="test_me_via_bearer_only" time="0.446" /><testcase classname="backend.tests.test_iter35_customer_display_reset.TestSessionResetOnApartmentChange" name="test_apartment_change_clears_method_lock" time="0.779" /><testcase classname="backend.tests.test_iter35_customer_display_reset.TestSessionResetOnSelectStep" name="test_select_step_breaks_lock" time="0.337" /><testcase classname="backend.tests.test_iter35_customer_display_reset.TestAutoIdlePersists" name="test_stale_receipt_autoreset_and_persists" time="0.585" /><testcase classname="backend.tests.test_iter35_customer_display_reset.TestLivePreviewCategories" name="test_pay_categories_roundtrip" time="0.267" /><testcase classname="backend.tests.test_iter35_customer_display_reset.TestDeleteResets" name="test_delete_returns_idle" time="0.208" /></testsuite></testsuites>