<?xml version="1.0" encoding="utf-8"?><testsuites name="pytest tests"><testsuite name="pytest" errors="0" failures="0" skipped="0" tests="43" time="23.750" timestamp="2026-05-20T23:22:54.793338+00:00" hostname="agent-env-b6cbd1b3-93cf-4aa3-8980-d84887d5c5aa"><testcase classname="backend.tests.test_multi_company.TestAuth" name="test_health" time="0.161" /><testcase classname="backend.tests.test_multi_company.TestAuth" name="test_login_super" time="0.322" /><testcase classname="backend.tests.test_multi_company.TestAuth" name="test_login_admin_a" time="0.319" /><testcase classname="backend.tests.test_multi_company.TestAuth" name="test_login_admin_b" time="0.330" /><testcase classname="backend.tests.test_multi_company.TestAuth" name="test_me_returns_active_company" time="0.131" /><testcase classname="backend.tests.test_multi_company.TestAuth" name="test_me_super_with_header" time="0.441" /><testcase classname="backend.tests.test_multi_company.TestAuth" name="test_me_super_no_header_unscoped" time="0.102" /><testcase classname="backend.tests.test_multi_company.TestCompanies" name="test_list_requires_superadmin" time="0.112" /><testcase classname="backend.tests.test_multi_company.TestCompanies" name="test_list_with_stats" time="0.109" /><testcase classname="backend.tests.test_multi_company.TestCompanies" name="test_create_update_delete_company" time="0.317" /><testcase classname="backend.tests.test_multi_company.TestCompanies" name="test_delete_with_data_refused" time="0.099" /><testcase classname="backend.tests.test_multi_company.TestCompanies" name="test_seed_admin" time="0.900" /><testcase classname="backend.tests.test_multi_company.TestDataIsolation" name="test_admin_a_apartments_only_a" time="0.146" /><testcase classname="backend.tests.test_multi_company.TestDataIsolation" name="test_admin_b_apartments_only_b" time="0.104" /><testcase classname="backend.tests.test_multi_company.TestDataIsolation" name="test_admin_a_creates_apartment_invisible_to_b" time="0.586" /><testcase classname="backend.tests.test_multi_company.TestDataIsolation" name="test_tenants_isolation" time="0.420" /><testcase classname="backend.tests.test_multi_company.TestDataIsolation" name="test_payments_isolation" time="0.236" /><testcase classname="backend.tests.test_multi_company.TestDataIsolation" name="test_superadmin_unscoped_sees_all" time="0.340" /><testcase classname="backend.tests.test_multi_company.TestDataIsolation" name="test_superadmin_with_header_scoped" time="0.217" /><testcase classname="backend.tests.test_multi_company.TestScopedCRUDLeakage" name="test_invoices_list_scoped" time="0.461" /><testcase classname="backend.tests.test_multi_company.TestScopedCRUDLeakage" name="test_contracts_list_scoped" time="0.544" /><testcase classname="backend.tests.test_multi_company.TestScopedCRUDLeakage" name="test_employees_list_scoped" time="0.352" /><testcase classname="backend.tests.test_multi_company.TestScopedCRUDLeakage" name="test_maintenance_list_scoped" time="0.415" /><testcase classname="backend.tests.test_multi_company.TestScopedCRUDLeakage" name="test_kasgeld_list_scoped" time="0.385" /><testcase classname="backend.tests.test_multi_company.TestScopedCRUDLeakage" name="test_deposits_list_scoped" time="0.454" /><testcase classname="backend.tests.test_multi_company.TestCrossCompanyWriteProtection" name="test_cross_company_delete_invoice_forbidden" time="0.583" /><testcase classname="backend.tests.test_multi_company.TestCrossCompanyWriteProtection" name="test_cross_company_delete_contract_forbidden" time="0.582" /><testcase classname="backend.tests.test_multi_company.TestCrossCompanyWriteProtection" name="test_cross_company_delete_employee_forbidden" time="0.463" /><testcase classname="backend.tests.test_multi_company.TestCrossCompanyWriteProtection" name="test_cross_company_delete_kasgeld_forbidden" time="0.471" /><testcase classname="backend.tests.test_multi_company.TestCrossCompanyWriteProtection" name="test_cross_company_maintenance_status_forbidden" time="0.578" /><testcase classname="backend.tests.test_multi_company.TestCrossCompanyWriteProtection" name="test_cross_company_deposit_refund_forbidden" time="0.602" /><testcase classname="backend.tests.test_multi_company.TestInvoicesGenerateMonth" name="test_generate_month_only_own_company" time="0.785" /><testcase classname="backend.tests.test_multi_company.TestKasgeldBalance" name="test_balance_scoped_per_company" time="0.432" /><testcase classname="backend.tests.test_multi_company.TestAIChatContext" name="test_ai_context_scoped" time="6.345" /><testcase classname="backend.tests.test_multi_company.TestAdminStats" name="test_stats_scoped_per_company" time="0.350" /><testcase classname="backend.tests.test_multi_company.TestKioskPin" name="test_pin_1234_matches_default" time="0.331" /><testcase classname="backend.tests.test_multi_company.TestKioskPin" name="test_set_pin_1234_as_admin_b_rejected" time="0.332" /><testcase classname="backend.tests.test_multi_company.TestKioskPin" name="test_set_unique_pin_as_admin_b_works" time="1.131" /><testcase classname="backend.tests.test_multi_company.TestKioskPin" name="test_invalid_pin_rejected" time="1.160" /><testcase classname="backend.tests.test_multi_company.TestTenantPortal" name="test_tenant_login" time="0.821" /><testcase classname="backend.tests.test_multi_company.TestPDFEndpoints" name="test_payment_pdf" time="0.248" /><testcase classname="backend.tests.test_multi_company.TestPDFEndpoints" name="test_contract_pdf" time="0.247" /><testcase classname="backend.tests.test_multi_company.TestPDFEndpoints" name="test_invoice_pdf" time="0.206" /></testsuite></testsuites>