<?xml version="1.0" encoding="utf-8"?><testsuites name="pytest tests"><testsuite name="pytest" errors="0" failures="0" skipped="0" tests="22" time="10.100" timestamp="2026-05-21T19:47:58.712852+00:00" hostname="agent-env-b6cbd1b3-93cf-4aa3-8980-d84887d5c5aa"><testcase classname="backend.tests.test_locations.TestLocationsCRUD" name="test_create_location" time="0.690" /><testcase classname="backend.tests.test_locations.TestLocationsCRUD" name="test_list_locations" time="0.128" /><testcase classname="backend.tests.test_locations.TestLocationsCRUD" name="test_update_location" time="0.335" /><testcase classname="backend.tests.test_locations.TestLocationsCRUD" name="test_cross_company_isolation_get" time="0.484" /><testcase classname="backend.tests.test_locations.TestLocationsCRUD" name="test_cross_company_isolation_update_404" time="0.141" /><testcase classname="backend.tests.test_locations.TestLocationsCRUD" name="test_cross_company_isolation_delete_404" time="0.210" /><testcase classname="backend.tests.test_locations.TestApartmentLocation" name="test_create_apartment_with_location_id" time="1.865" /><testcase classname="backend.tests.test_locations.TestApartmentLocation" name="test_location_count_reflects_apartment" time="0.133" /><testcase classname="backend.tests.test_locations.TestApartmentLocation" name="test_update_apartment_clears_location" time="0.130" /><testcase classname="backend.tests.test_locations.TestTenantInternet" name="test_create_tenant_with_internet" time="1.270" /><testcase classname="backend.tests.test_locations.TestTenantInternet" name="test_update_tenant_internet" time="0.445" /><testcase classname="backend.tests.test_locations.TestPaymentExtensions" name="test_payment_internet_uni5pay" time="0.143" /><testcase classname="backend.tests.test_locations.TestPaymentExtensions" name="test_payment_reject_invalid_method" time="0.109" /><testcase classname="backend.tests.test_locations.TestKioskLocations" name="test_kiosk_list_locations_includes_test_loc" time="0.477" /><testcase classname="backend.tests.test_locations.TestKioskLocations" name="test_kiosk_list_locations_none_bucket" time="0.118" /><testcase classname="backend.tests.test_locations.TestKioskLocations" name="test_kiosk_apartments_filtered_by_location" time="2.008" /><testcase classname="backend.tests.test_locations.TestKioskLocations" name="test_kiosk_apartments_none" time="0.123" /><testcase classname="backend.tests.test_locations.TestKioskLocations" name="test_kiosk_tenant_overview_includes_internet" time="0.128" /><testcase classname="backend.tests.test_locations.TestKioskLocations" name="test_kiosk_tenant_payments" time="0.133" /><testcase classname="backend.tests.test_locations.TestKioskLocations" name="test_kiosk_tenant_payments_scope_cross_company" time="0.123" /><testcase classname="backend.tests.test_locations.TestLocationDelete" name="test_delete_location_detaches_apartments" time="0.580" /><testcase classname="backend.tests.test_locations.TestLocationDelete" name="test_cleanup_apt_and_tenant" time="0.227" /></testsuite></testsuites>