<?xml version="1.0" encoding="utf-8"?><testsuites name="pytest tests"><testsuite name="pytest" errors="0" failures="0" skipped="0" tests="12" time="11.352" timestamp="2026-05-26T23:20:47.057591+00:00" hostname="agent-env-b6cbd1b3-93cf-4aa3-8980-d84887d5c5aa"><testcase classname="backend.tests.test_payment_approval_workflow.TestAuth" name="test_admin_login" time="0.364" /><testcase classname="backend.tests.test_payment_approval_workflow.TestAuth" name="test_kiosk_pin_login" time="0.375" /><testcase classname="backend.tests.test_payment_approval_workflow.TestAuth" name="test_employee_verify" time="2.550" /><testcase classname="backend.tests.test_payment_approval_workflow.TestAuth" name="test_employee_verify_wrong_pin" time="0.584" /><testcase classname="backend.tests.test_payment_approval_workflow.TestApprovalWorkflow" name="test_payment_created_as_pending" time="2.254" /><testcase classname="backend.tests.test_payment_approval_workflow.TestApprovalWorkflow" name="test_pending_count_increases" time="0.125" /><testcase classname="backend.tests.test_payment_approval_workflow.TestApprovalWorkflow" name="test_pending_list_contains_payment" time="0.109" /><testcase classname="backend.tests.test_payment_approval_workflow.TestApprovalWorkflow" name="test_approve_payment" time="0.318" /><testcase classname="backend.tests.test_payment_approval_workflow.TestApprovalWorkflow" name="test_approved_payment_not_in_pending_list" time="0.108" /><testcase classname="backend.tests.test_payment_approval_workflow.TestApprovalWorkflow" name="test_approved_payment_optionally_linked_to_invoice" time="0.294" /><testcase classname="backend.tests.test_payment_approval_workflow.TestRejectFlow" name="test_reject_pending" time="2.274" /><testcase classname="backend.tests.test_payment_approval_workflow.TestLegacyKioskPayment" name="test_legacy_no_employee_id_is_approved" time="1.933" /></testsuite></testsuites>