<?xml version="1.0" encoding="utf-8"?><testsuites name="pytest tests"><testsuite name="pytest" errors="0" failures="0" skipped="0" tests="20" time="2.494" timestamp="2026-05-24T10:29:33.022246+00:00" hostname="agent-env-b6cbd1b3-93cf-4aa3-8980-d84887d5c5aa"><testcase classname="backend.tests.test_qr_endpoint" name="test_qr_png_all_valid_kinds[login]" time="0.713" /><testcase classname="backend.tests.test_qr_endpoint" name="test_qr_png_all_valid_kinds[kiosk]" time="0.071" /><testcase classname="backend.tests.test_qr_endpoint" name="test_qr_png_all_valid_kinds[tenant_kiosk]" time="0.073" /><testcase classname="backend.tests.test_qr_endpoint" name="test_qr_png_all_valid_kinds[customer_display]" time="0.085" /><testcase classname="backend.tests.test_qr_endpoint" name="test_qr_png_all_valid_kinds[tenant_portal]" time="0.070" /><testcase classname="backend.tests.test_qr_endpoint" name="test_qr_png_all_valid_kinds[query]" time="0.072" /><testcase classname="backend.tests.test_qr_endpoint" name="test_qr_kind_unknown_returns_400" time="0.051" /><testcase classname="backend.tests.test_qr_endpoint" name="test_qr_without_auth_returns_401_or_403" time="0.125" /><testcase classname="backend.tests.test_qr_endpoint" name="test_qr_size_small" time="0.063" /><testcase classname="backend.tests.test_qr_endpoint" name="test_qr_size_clamped_max_800" time="0.114" /><testcase classname="backend.tests.test_qr_endpoint" name="test_qr_size_explicit_800" time="0.112" /><testcase classname="backend.tests.test_qr_endpoint" name="test_qr_size_below_min_clamped_up" time="0.063" /><testcase classname="backend.tests.test_qr_endpoint" name="test_qr_decodes_to_branded_url" time="0.156" /><testcase classname="backend.tests.test_qr_endpoint" name="test_qr_decodes_all_branded_kinds[login-/c/{slug}]" time="0.083" /><testcase classname="backend.tests.test_qr_endpoint" name="test_qr_decodes_all_branded_kinds[kiosk-/c/{slug}/kiosk]" time="0.089" /><testcase classname="backend.tests.test_qr_endpoint" name="test_qr_decodes_all_branded_kinds[tenant_kiosk-/c/{slug}/kiosk/huurder]" time="0.093" /><testcase classname="backend.tests.test_qr_endpoint" name="test_qr_decodes_all_branded_kinds[customer_display-/c/{slug}/kiosk/klant]" time="0.085" /><testcase classname="backend.tests.test_qr_endpoint" name="test_qr_decodes_all_branded_kinds[tenant_portal-/c/{slug}/huurder]" time="0.097" /><testcase classname="backend.tests.test_qr_endpoint" name="test_qr_query_decodes_with_query_param" time="0.089" /><testcase classname="backend.tests.test_qr_endpoint" name="test_public_company_branding_still_works" time="0.110" /></testsuite></testsuites>