<?xml version="1.0" encoding="utf-8"?><testsuites name="pytest tests"><testsuite name="pytest" errors="0" failures="0" skipped="0" tests="66" time="113.213" timestamp="2026-05-21T19:48:13.283531+00:00" hostname="agent-env-b6cbd1b3-93cf-4aa3-8980-d84887d5c5aa"><testcase classname="backend.tests.test_multi_company.TestAuth" name="test_health" time="0.168" /><testcase classname="backend.tests.test_multi_company.TestAuth" name="test_login_super" time="0.333" /><testcase classname="backend.tests.test_multi_company.TestAuth" name="test_login_admin_a" time="0.349" /><testcase classname="backend.tests.test_multi_company.TestAuth" name="test_login_admin_b" time="0.348" /><testcase classname="backend.tests.test_multi_company.TestAuth" name="test_me_returns_active_company" time="0.134" /><testcase classname="backend.tests.test_multi_company.TestAuth" name="test_me_super_with_header" time="0.463" /><testcase classname="backend.tests.test_multi_company.TestAuth" name="test_me_super_no_header_unscoped" time="0.126" /><testcase classname="backend.tests.test_multi_company.TestCompanies" name="test_list_requires_superadmin" time="0.116" /><testcase classname="backend.tests.test_multi_company.TestCompanies" name="test_list_with_stats" time="0.123" /><testcase classname="backend.tests.test_multi_company.TestCompanies" name="test_create_update_delete_company" time="0.420" /><testcase classname="backend.tests.test_multi_company.TestCompanies" name="test_delete_with_data_refused" time="0.119" /><testcase classname="backend.tests.test_multi_company.TestCompanies" name="test_seed_admin" time="0.994" /><testcase classname="backend.tests.test_multi_company.TestDataIsolation" name="test_admin_a_apartments_only_a" time="0.119" /><testcase classname="backend.tests.test_multi_company.TestDataIsolation" name="test_admin_b_apartments_only_b" time="0.126" /><testcase classname="backend.tests.test_multi_company.TestDataIsolation" name="test_admin_a_creates_apartment_invisible_to_b" time="0.621" /><testcase classname="backend.tests.test_multi_company.TestDataIsolation" name="test_tenants_isolation" time="0.463" /><testcase classname="backend.tests.test_multi_company.TestDataIsolation" name="test_payments_isolation" time="0.355" /><testcase classname="backend.tests.test_multi_company.TestDataIsolation" name="test_superadmin_unscoped_sees_all" time="0.379" /><testcase classname="backend.tests.test_multi_company.TestDataIsolation" name="test_superadmin_with_header_scoped" time="0.261" /><testcase classname="backend.tests.test_multi_company.TestScopedCRUDLeakage" name="test_invoices_list_scoped" time="0.518" /><testcase classname="backend.tests.test_multi_company.TestScopedCRUDLeakage" name="test_contracts_list_scoped" time="0.501" /><testcase classname="backend.tests.test_multi_company.TestScopedCRUDLeakage" name="test_employees_list_scoped" time="0.469" /><testcase classname="backend.tests.test_multi_company.TestScopedCRUDLeakage" name="test_maintenance_list_scoped" time="0.502" /><testcase classname="backend.tests.test_multi_company.TestScopedCRUDLeakage" name="test_kasgeld_list_scoped" time="0.421" /><testcase classname="backend.tests.test_multi_company.TestScopedCRUDLeakage" name="test_deposits_list_scoped" time="0.501" /><testcase classname="backend.tests.test_multi_company.TestCrossCompanyWriteProtection" name="test_cross_company_delete_invoice_forbidden" time="0.606" /><testcase classname="backend.tests.test_multi_company.TestCrossCompanyWriteProtection" name="test_cross_company_delete_contract_forbidden" time="0.680" /><testcase classname="backend.tests.test_multi_company.TestCrossCompanyWriteProtection" name="test_cross_company_delete_employee_forbidden" time="0.469" /><testcase classname="backend.tests.test_multi_company.TestCrossCompanyWriteProtection" name="test_cross_company_delete_kasgeld_forbidden" time="0.491" /><testcase classname="backend.tests.test_multi_company.TestCrossCompanyWriteProtection" name="test_cross_company_maintenance_status_forbidden" time="0.636" /><testcase classname="backend.tests.test_multi_company.TestCrossCompanyWriteProtection" name="test_cross_company_deposit_refund_forbidden" time="0.667" /><testcase classname="backend.tests.test_multi_company.TestInvoicesGenerateMonth" name="test_generate_month_only_own_company" time="0.988" /><testcase classname="backend.tests.test_multi_company.TestKasgeldBalance" name="test_balance_scoped_per_company" time="32.692" /><testcase classname="backend.tests.test_multi_company.TestAIChatContext" name="test_ai_context_scoped" time="14.108" /><testcase classname="backend.tests.test_multi_company.TestAdminStats" name="test_stats_scoped_per_company" time="0.491" /><testcase classname="backend.tests.test_multi_company.TestKioskPin" name="test_pin_1234_matches_default" time="0.344" /><testcase classname="backend.tests.test_multi_company.TestKioskPin" name="test_set_pin_1234_as_admin_b_rejected" time="0.436" /><testcase classname="backend.tests.test_multi_company.TestKioskPin" name="test_set_unique_pin_as_admin_b_works" time="1.149" /><testcase classname="backend.tests.test_multi_company.TestKioskPin" name="test_invalid_pin_rejected" time="1.136" /><testcase classname="backend.tests.test_multi_company.TestTenantPortal" name="test_tenant_login" time="0.847" /><testcase classname="backend.tests.test_multi_company.TestPDFEndpoints" name="test_payment_pdf" time="0.277" /><testcase classname="backend.tests.test_multi_company.TestPDFEndpoints" name="test_contract_pdf" time="0.306" /><testcase classname="backend.tests.test_multi_company.TestPDFEndpoints" name="test_invoice_pdf" time="0.313" /><testcase classname="backend.tests.test_p1_hardening.TestJanReseed" name="test_jan_pin_5678_works_directly" time="0.371" /><testcase classname="backend.tests.test_p1_hardening.TestKioskLockout" name="test_kiosk_bruteforce_lockout" time="5.046" /><testcase classname="backend.tests.test_p1_hardening.TestKioskLockout" name="test_kiosk_lockout_blocks_correct_pin_too" time="0.124" /><testcase classname="backend.tests.test_p1_hardening.TestTenantLockout" name="test_tenant_bruteforce_lockout" time="4.341" /><testcase classname="backend.tests.test_p1_hardening.TestTenantLockout" name="test_tenant_lockout_blocks_correct_pin" time="0.116" /><testcase classname="backend.tests.test_p1_hardening.TestCounterClearsOnSuccess" name="test_counter_reset_after_success" time="9.150" /><testcase classname="backend.tests.test_p1_hardening.TestTenantSetPinScope" name="test_admin_a_cannot_set_pin_on_admin_b_tenant" time="1.196" /><testcase classname="backend.tests.test_p1_hardening.TestTenantSetPinScope" name="test_admin_a_can_set_pin_on_own_tenant" time="0.510" /><testcase classname="backend.tests.test_p1_hardening.TestRegressionSmoke" name="test_kiosk_pin_1234_matches_surirent" time="0.344" /><testcase classname="backend.tests.test_p1_hardening.TestRegressionSmoke" name="test_companies_crud_for_superadmin" time="0.572" /><testcase classname="backend.tests.test_p1_hardening.TestRegressionSmoke" name="test_crud_list_endpoints_admin_a" time="1.369" /><testcase classname="backend.tests.test_p1_hardening.TestRegressionSmoke" name="test_auth_me_admin_a" time="0.104" /><testcase classname="backend.tests.test_shelly.TestShellyDisabled" name="test_devices_returns_400_dutch" time="0.519" /><testcase classname="backend.tests.test_shelly.TestShellyDisabled" name="test_status_when_not_configured_returns_400" time="1.271" /><testcase classname="backend.tests.test_shelly.TestShellyDisabled" name="test_control_returns_400_not_500" time="0.139" /><testcase classname="backend.tests.test_shelly.TestShellyBinding" name="test_bind_apartment" time="0.126" /><testcase classname="backend.tests.test_shelly.TestShellyBinding" name="test_apartments_list_shows_binding" time="0.553" /><testcase classname="backend.tests.test_shelly.TestShellyBinding" name="test_unbind_apartment" time="0.310" /><testcase classname="backend.tests.test_shelly.TestShellyValidation" name="test_invalid_turn_value" time="0.150" /><testcase classname="backend.tests.test_shelly.TestShellyCrossCompany" name="test_b_cannot_bind_a_apartment" time="0.522" /><testcase classname="backend.tests.test_shelly.TestShellyCrossCompany" name="test_b_cannot_unbind_a_apartment" time="0.128" /><testcase classname="backend.tests.test_shelly.TestShellyCrossCompany" name="test_b_cannot_control_a_apartment" time="20.275" /><testcase classname="backend.tests.test_shelly.TestShellyAuth" name="test_unauthenticated_blocked" time="0.316" /></testsuite></testsuites>