<?xml version="1.0" encoding="utf-8"?><testsuites name="pytest tests"><testsuite name="pytest" errors="0" failures="0" skipped="0" tests="8" time="4.092" timestamp="2026-06-03T10:41:22.779934+00:00" hostname="agent-env-b6cbd1b3-93cf-4aa3-8980-d84887d5c5aa"><testcase classname="backend.tests.test_iter31_saas_overview_landing.TestSuperadminOverview" name="test_overview_returns_new_fields" time="0.598" /><testcase classname="backend.tests.test_iter31_saas_overview_landing.TestSuperadminOverview" name="test_online_status_shape" time="0.114" /><testcase classname="backend.tests.test_iter31_saas_overview_landing.TestSuperadminOverview" name="test_overview_forbidden_for_admin" time="0.484" /><testcase classname="backend.tests.test_iter31_saas_overview_landing.TestPresenceTracking" name="test_admin_me_updates_company_last_seen" time="1.239" /><testcase classname="backend.tests.test_iter31_saas_overview_landing.TestLandingEditor" name="test_get_draft_initial" time="0.109" /><testcase classname="backend.tests.test_iter31_saas_overview_landing.TestLandingEditor" name="test_get_published" time="0.101" /><testcase classname="backend.tests.test_iter31_saas_overview_landing.TestLandingEditor" name="test_draft_save_publish_discard_flow" time="1.035" /><testcase classname="backend.tests.test_iter31_saas_overview_landing.TestLandingEditor" name="test_landing_endpoints_forbidden_for_admin" time="0.332" /></testsuite></testsuites>