<?xml version="1.0" encoding="utf-8"?><testsuites name="pytest tests"><testsuite name="pytest" errors="0" failures="0" skipped="0" tests="7" time="11.070" timestamp="2026-05-27T07:42:20.001521+00:00" hostname="agent-env-b6cbd1b3-93cf-4aa3-8980-d84887d5c5aa"><testcase classname="backend.tests.test_tenant_forgot_pin" name="test_forgot_pin_missing_company_context" time="0.281" /><testcase classname="backend.tests.test_tenant_forgot_pin" name="test_forgot_pin_missing_identifier" time="0.050" /><testcase classname="backend.tests.test_tenant_forgot_pin" name="test_forgot_pin_unknown_identifier_is_generic_ok" time="0.046" /><testcase classname="backend.tests.test_tenant_forgot_pin" name="test_forgot_pin_by_email_success_and_pin_changed" time="5.038" /><testcase classname="backend.tests.test_tenant_forgot_pin" name="test_forgot_pin_by_phone_suffix" time="4.668" /><testcase classname="backend.tests.test_tenant_forgot_pin" name="test_forgot_pin_response_shape" time="0.045" /><testcase classname="backend.tests.test_tenant_forgot_pin" name="test_pin_login_endpoint_still_validates" time="0.870" /></testsuite></testsuites>