<?xml version="1.0" encoding="utf-8"?><testsuites name="pytest tests"><testsuite name="pytest" errors="0" failures="0" skipped="0" tests="28" time="54.573" timestamp="2026-05-27T07:20:09.986096+00:00" hostname="agent-env-b6cbd1b3-93cf-4aa3-8980-d84887d5c5aa"><testcase classname="backend.tests.test_push_pending_notification.TestPushInfra" name="test_vapid_public_key" time="1.164" /><testcase classname="backend.tests.test_push_pending_notification.TestPushInfra" name="test_status" time="0.475" /><testcase classname="backend.tests.test_push_pending_notification.TestPushInfra" name="test_test_push" time="1.722" /><testcase classname="backend.tests.test_push_pending_notification.TestKioskPaymentBranching" name="test_pending_payment_status_and_no_push_error" time="5.588" /><testcase classname="backend.tests.test_push_pending_notification.TestKioskPaymentBranching" name="test_approved_legacy_path" time="1.591" /><testcase classname="backend.tests.test_push_pending_notification.TestKioskPaymentBranching" name="test_devices_count_did_not_drop_to_zero" time="0.111" /><testcase classname="backend.tests.test_push_pending_notification.TestKioskPaymentBranching" name="test_no_push_error_in_backend_log" time="0.002" /><testcase classname="backend.tests.test_payment_approval_workflow.TestAuth" name="test_admin_login" time="0.330" /><testcase classname="backend.tests.test_payment_approval_workflow.TestAuth" name="test_kiosk_pin_login" time="0.325" /><testcase classname="backend.tests.test_payment_approval_workflow.TestAuth" name="test_employee_verify" time="2.595" /><testcase classname="backend.tests.test_payment_approval_workflow.TestAuth" name="test_employee_verify_wrong_pin" time="0.549" /><testcase classname="backend.tests.test_payment_approval_workflow.TestApprovalWorkflow" name="test_payment_created_as_pending" time="1.948" /><testcase classname="backend.tests.test_payment_approval_workflow.TestApprovalWorkflow" name="test_pending_count_increases" time="0.134" /><testcase classname="backend.tests.test_payment_approval_workflow.TestApprovalWorkflow" name="test_pending_list_contains_payment" time="0.111" /><testcase classname="backend.tests.test_payment_approval_workflow.TestApprovalWorkflow" name="test_approve_payment" time="0.364" /><testcase classname="backend.tests.test_payment_approval_workflow.TestApprovalWorkflow" name="test_approved_payment_not_in_pending_list" time="0.118" /><testcase classname="backend.tests.test_payment_approval_workflow.TestApprovalWorkflow" name="test_approved_payment_optionally_linked_to_invoice" time="0.414" /><testcase classname="backend.tests.test_payment_approval_workflow.TestRejectFlow" name="test_reject_pending" time="1.933" /><testcase classname="backend.tests.test_payment_approval_workflow.TestLegacyKioskPayment" name="test_legacy_no_employee_id_is_approved" time="1.646" /><testcase classname="backend.tests.test_employee_pin_login.TestKioskPinLogin" name="test_employee_pin_returns_employee_no_admin_token" time="6.177" /><testcase classname="backend.tests.test_employee_pin_login.TestKioskPinLogin" name="test_company_pin_returns_admin_token" time="0.356" /><testcase classname="backend.tests.test_employee_pin_login.TestKioskPinLogin" name="test_company_admin_token_usable_for_me" time="0.379" /><testcase classname="backend.tests.test_employee_pin_login.TestKioskPinLogin" name="test_invalid_pin_returns_401" time="1.887" /><testcase classname="backend.tests.test_employee_pin_login.TestPinUniqueness" name="test_employee_pin_clash_with_company_pin" time="0.332" /><testcase classname="backend.tests.test_employee_pin_login.TestPinUniqueness" name="test_employee_pin_clash_with_other_employee" time="1.658" /><testcase classname="backend.tests.test_employee_pin_login.TestPinUniqueness" name="test_kiosk_set_pin_clash_with_employee" time="1.656" /><testcase classname="backend.tests.test_employee_pin_login.TestKioskPaymentRegression" name="test_employee_kiosk_token_can_submit_pending" time="6.135" /><testcase classname="backend.tests.test_employee_pin_login.TestZPinThrottle" name="test_throttle_locks_after_8_bad_attempts" time="14.782" /></testsuite></testsuites>