<?xml version="1.0" encoding="utf-8"?><testsuites name="pytest tests"><testsuite name="pytest" errors="0" failures="0" skipped="0" tests="6" time="1.577" timestamp="2026-08-04T23:55:24.084661+00:00" hostname="agent-env-b6cbd1b3-93cf-4aa3-8980-d84887d5c5aa"><testcase classname="backend.tests.test_landing_asset_cache.TestLandingAssetCaching" name="test_get_asset_returns_etag" time="0.660" /><testcase classname="backend.tests.test_landing_asset_cache.TestLandingAssetCaching" name="test_if_none_match_returns_304" time="0.116" /><testcase classname="backend.tests.test_landing_asset_cache.TestLandingAssetCaching" name="test_thumb_returns_smaller_jpeg" time="0.222" /><testcase classname="backend.tests.test_landing_asset_cache.TestLandingAssetCaching" name="test_thumb_second_request_cached_and_faster" time="0.241" /><testcase classname="backend.tests.test_landing_asset_cache.TestLandingAssetCaching" name="test_thumb_if_none_match_returns_304" time="0.155" /><testcase classname="backend.tests.test_landing_asset_cache.TestLandingAssetCaching" name="test_nonexistent_asset_returns_404" time="0.111" /></testsuite></testsuites>