<?xml version="1.0" encoding="utf-8"?><testsuites name="pytest tests"><testsuite name="pytest" errors="0" failures="1" skipped="0" tests="20" time="6.529" timestamp="2026-05-20T22:15:07.381390+00:00" hostname="agent-env-b6cbd1b3-93cf-4aa3-8980-d84887d5c5aa"><testcase classname="backend.tests.test_phase3_tenant_portal.TestAdminSetPin" name="test_set_pin_requires_admin" time="0.800" /><testcase classname="backend.tests.test_phase3_tenant_portal.TestAdminSetPin" name="test_set_pin_invalid_format" time="0.105" /><testcase classname="backend.tests.test_phase3_tenant_portal.TestAdminSetPin" name="test_set_pin_unknown_tenant" time="0.144" /><testcase classname="backend.tests.test_phase3_tenant_portal.TestAdminSetPin" name="test_set_pin_success" time="0.338" /><testcase classname="backend.tests.test_phase3_tenant_portal.TestTenantLogin" name="test_login_with_email" time="0.688" /><testcase classname="backend.tests.test_phase3_tenant_portal.TestTenantLogin" name="test_login_with_phone_full_string" time="0.333" /><testcase classname="backend.tests.test_phase3_tenant_portal.TestTenantLogin" name="test_login_with_phone_digits_only" time="0.341" /><testcase classname="backend.tests.test_phase3_tenant_portal.TestTenantLogin" name="test_login_wrong_pin" time="0.401" /><testcase classname="backend.tests.test_phase3_tenant_portal.TestTenantLogin" name="test_login_unknown_identifier" time="0.124" /><testcase classname="backend.tests.test_phase3_tenant_portal.TestTenantLogin" name="test_login_tenant_without_pin" time="0.460" /><testcase classname="backend.tests.test_phase3_tenant_portal.TestTenantMe" name="test_me_returns_tenant" time="0.486" /><testcase classname="backend.tests.test_phase3_tenant_portal.TestTenantMe" name="test_me_without_token_unauthorized" time="0.124" /><testcase classname="backend.tests.test_phase3_tenant_portal.TestTenantMe" name="test_me_with_admin_token_rejected" time="0.322" /><testcase classname="backend.tests.test_phase3_tenant_portal.TestTenantOverview" name="test_overview_shape" time="0.116" /><testcase classname="backend.tests.test_phase3_tenant_portal.TestTenantOverview" name="test_payments_only_own" time="0.126" /><testcase classname="backend.tests.test_phase3_tenant_portal.TestTenantOverview" name="test_contracts_only_own" time="0.107" /><testcase classname="backend.tests.test_phase3_tenant_portal.TestTenantMaintenance" name="test_maintenance_list" time="0.162" /><testcase classname="backend.tests.test_phase3_tenant_portal.TestTenantMaintenance" name="test_create_maintenance" time="0.367" /><testcase classname="backend.tests.test_phase3_tenant_portal.TestTenantMaintenance" name="test_create_maintenance_no_apartment" time="0.731"><failure message="AssertionError: {&quot;detail&quot;:&quot;Onjuiste gegevens of PIN niet ingesteld&quot;}&#10;assert 401 == 200&#10; +  where 401 = &lt;Response [401]&gt;.status_code">backend/tests/test_phase3_tenant_portal.py:257: in test_create_maintenance_no_apartment
    assert lr.status_code == 200, lr.text
E   AssertionError: {"detail":"Onjuiste gegevens of PIN niet ingesteld"}
E   assert 401 == 200
E    +  where 401 = &lt;Response [401]&gt;.status_code</failure></testcase><testcase classname="backend.tests.test_phase3_tenant_portal.TestTenantLogout" name="test_logout_clears_cookie" time="0.141" /></testsuite></testsuites>