<?xml version="1.0" encoding="utf-8"?><testsuites name="pytest tests"><testsuite name="pytest" errors="0" failures="0" skipped="0" tests="8" time="4.107" timestamp="2026-05-20T21:44:39.919121+00:00" hostname="agent-env-b6cbd1b3-93cf-4aa3-8980-d84887d5c5aa"><testcase classname="backend.tests.test_phase1_modules.TestContracts" name="test_contract_crud_and_sign_flow" time="1.453" /><testcase classname="backend.tests.test_phase1_modules.TestInvoices" name="test_invoice_crud_and_pdf" time="0.353" /><testcase classname="backend.tests.test_phase1_modules.TestInvoices" name="test_generate_month" time="0.277" /><testcase classname="backend.tests.test_phase1_modules.TestEmployeesSalaries" name="test_employee_crud" time="0.475" /><testcase classname="backend.tests.test_phase1_modules.TestDeposits" name="test_deposit_refund_flow" time="0.398" /><testcase classname="backend.tests.test_phase1_modules.TestMaintenance" name="test_maintenance_status_flow" time="0.247" /><testcase classname="backend.tests.test_phase1_modules.TestKasgeld" name="test_cash_flow_and_balance" time="0.392" /><testcase classname="backend.tests.test_phase1_modules.TestPaymentPDF" name="test_payment_pdf_public" time="0.295" /></testsuite></testsuites>