<?xml version="1.0" encoding="utf-8"?><testsuites name="pytest tests"><testsuite name="pytest" errors="0" failures="1" skipped="0" tests="12" time="11.354" timestamp="2026-05-20T21:59:22.151558+00:00" hostname="agent-env-b6cbd1b3-93cf-4aa3-8980-d84887d5c5aa"><testcase classname="backend.tests.test_phase2_modules.TestAIChat" name="test_unauthorized" time="0.294" /><testcase classname="backend.tests.test_phase2_modules.TestAIChat" name="test_chat_and_session_persistence" time="7.824" /><testcase classname="backend.tests.test_phase2_modules.TestAIChat" name="test_get_history" time="0.139" /><testcase classname="backend.tests.test_phase2_modules.TestAIChat" name="test_delete_session" time="0.229" /><testcase classname="backend.tests.test_phase2_modules.TestPush" name="test_vapid_public_key" time="0.125" /><testcase classname="backend.tests.test_phase2_modules.TestPush" name="test_subscribe_and_unsubscribe" time="0.257" /><testcase classname="backend.tests.test_phase2_modules.TestPush" name="test_push_test_no_subs" time="0.119" /><testcase classname="backend.tests.test_phase2_modules.TestPush" name="test_notify_overdue" time="0.109" /><testcase classname="backend.tests.test_phase2_modules.TestSecurePDF" name="test_secure_pdf_unencrypted_with_qr" time="0.765" /><testcase classname="backend.tests.test_phase2_modules.TestSecurePDF" name="test_secure_pdf_encrypted" time="0.640" /><testcase classname="backend.tests.test_phase2_modules.TestSecurePDF" name="test_verify_valid_token" time="0.631"><failure message="assert False is True">backend/tests/test_phase2_modules.py:171: in test_verify_valid_token
    assert data["valid"] is True
E   assert False is True</failure></testcase><testcase classname="backend.tests.test_phase2_modules.TestSecurePDF" name="test_verify_invalid_token" time="0.113" /></testsuite></testsuites>