<?xml version="1.0" encoding="utf-8"?><testsuites name="pytest tests"><testsuite name="pytest" errors="0" failures="0" skipped="0" tests="12" time="2.965" timestamp="2026-05-20T08:40:23.670357+00:00" hostname="agent-env-b6cbd1b3-93cf-4aa3-8980-d84887d5c5aa"><testcase classname="backend.tests.test_vastgoed_api.TestAuth" name="test_login_success" time="0.366" /><testcase classname="backend.tests.test_vastgoed_api.TestAuth" name="test_login_invalid" time="0.273" /><testcase classname="backend.tests.test_vastgoed_api.TestAuth" name="test_me" time="0.320" /><testcase classname="backend.tests.test_vastgoed_api.TestAuth" name="test_me_unauthorized" time="0.100" /><testcase classname="backend.tests.test_vastgoed_api.TestAuth" name="test_kiosk_pin_correct" time="0.268" /><testcase classname="backend.tests.test_vastgoed_api.TestAuth" name="test_kiosk_pin_wrong" time="0.269" /><testcase classname="backend.tests.test_vastgoed_api.TestApartmentsTenants" name="test_full_flow" time="0.574" /><testcase classname="backend.tests.test_vastgoed_api.TestKiosk" name="test_kiosk_list_apartments_public" time="0.047" /><testcase classname="backend.tests.test_vastgoed_api.TestKiosk" name="test_kiosk_tenant_overview" time="0.098" /><testcase classname="backend.tests.test_vastgoed_api.TestKiosk" name="test_kiosk_payment_requires_token" time="0.156" /><testcase classname="backend.tests.test_vastgoed_api.TestKiosk" name="test_kiosk_payment_with_token" time="0.361" /><testcase classname="backend.tests.test_vastgoed_api.TestStats" name="test_admin_stats" time="0.050" /></testsuite></testsuites>